Unity Editor version:    2022.2.6f1 (10bfa6201ced)
Branch:                  2022.2/staging
Build type:              Release
Batch mode:              YES
System name:             Linux
Distro version:          #42~22.04.1-Ubuntu SMP PREEMPT_DYNAMIC Tue Apr 18 17:40:00 UTC 2
Kernel version:          5.19.0-41-generic
Architecture:            x86_64
Available memory:        32002 MB
Using pre-set license
Pro License: YES
Desktop is 3640 x 1920 @ 60 Hz
Initialize udev device monitor.

COMMAND LINE ARGUMENTS:
Unity
-adb2
-batchMode
-noUpm
-name
AssetImportWorker0
-projectPath
/home/vladimir/My project
-logFile
Logs/AssetImportWorker0.log
-srvPort
35433
Successfully changed project path to: /home/vladimir/My project
/home/vladimir/My project
[UnityMemory] Configuration Parameters - Can be set up in boot.config
    "memorysetup-bucket-allocator-granularity=16"
    "memorysetup-bucket-allocator-bucket-count=8"
    "memorysetup-bucket-allocator-block-size=33554432"
    "memorysetup-bucket-allocator-block-count=8"
    "memorysetup-main-allocator-block-size=16777216"
    "memorysetup-thread-allocator-block-size=16777216"
    "memorysetup-gfx-main-allocator-block-size=16777216"
    "memorysetup-gfx-thread-allocator-block-size=16777216"
    "memorysetup-cache-allocator-block-size=4194304"
    "memorysetup-typetree-allocator-block-size=2097152"
    "memorysetup-profiler-bucket-allocator-granularity=16"
    "memorysetup-profiler-bucket-allocator-bucket-count=8"
    "memorysetup-profiler-bucket-allocator-block-size=33554432"
    "memorysetup-profiler-bucket-allocator-block-count=8"
    "memorysetup-profiler-allocator-block-size=16777216"
    "memorysetup-profiler-editor-allocator-block-size=1048576"
    "memorysetup-temp-allocator-size-main=16777216"
    "memorysetup-job-temp-allocator-block-size=2097152"
    "memorysetup-job-temp-allocator-block-size-background=1048576"
    "memorysetup-job-temp-allocator-reduction-small-platforms=262144"
    "memorysetup-temp-allocator-size-background-worker=32768"
    "memorysetup-temp-allocator-size-job-worker=262144"
    "memorysetup-temp-allocator-size-preload-manager=33554432"
    "memorysetup-temp-allocator-size-nav-mesh-worker=65536"
    "memorysetup-temp-allocator-size-audio-worker=65536"
    "memorysetup-temp-allocator-size-cloud-worker=32768"
    "memorysetup-temp-allocator-size-gi-baking-worker=262144"
    "memorysetup-temp-allocator-size-gfx=262144"
Player connection [140627151254464] Host "[IP] 192.168.31.223 [Port] 0 [Flags] 2 [Guid] 1401332938 [EditorId] 1401332938 [Version] 1048832 [Id] LinuxEditor(16,192.168.31.223) [Debug] 1 [PackageName] LinuxEditor [ProjectName] Editor" joined multi-casting on [225.0.0.222:54997]...

Player connection [140627151254464] Host "[IP] 192.168.31.223 [Port] 0 [Flags] 2 [Guid] 1401332938 [EditorId] 1401332938 [Version] 1048832 [Id] LinuxEditor(16,192.168.31.223) [Debug] 1 [PackageName] LinuxEditor [ProjectName] Editor" joined alternative multi-casting on [225.0.0.222:34997]...

Refreshing native plugins compatible for Editor in 4,03 ms, found 0 plugins.
Preloading 0 native plugins for Editor in 0,00 ms.
Initialize engine version: 2022.2.6f1 (10bfa6201ced)
[Subsystems] Discovering subsystems at path /home/vladimir/Unity/Hub/Editor/2022.2.6f1/Editor/Data/Resources/UnitySubsystems
[Subsystems] Discovering subsystems at path /home/vladimir/My project/Assets
GLX Extensions: GLX_ARB_get_proc_address GLX_ARB_multisample GLX_EXT_visual_info GLX_EXT_visual_rating GLX_EXT_import_context GLX_SGI_video_sync GLX_SGIX_fbconfig GLX_SGIX_pbuffer GLX_SGI_swap_control GLX_EXT_swap_control GLX_EXT_swap_control_tear GLX_EXT_buffer_age GLX_ARB_create_context GLX_ARB_create_context_profile GLX_NV_float_buffer GLX_ARB_fbconfig_float GLX_EXT_texture_from_pixmap GLX_EXT_framebuffer_sRGB GLX_NV_copy_image GLX_EXT_create_context_es_profile GLX_EXT_create_context_es2_profile GLX_ARB_create_context_no_error GLX_ARB_create_context_robustness GLX_NV_delay_before_swap GLX_EXT_stereo_tree GLX_ARB_context_flush_control GLX_NV_robustness_video_memory_purge GLX_NV_multigpu_context 
Renderer: NVIDIA GeForce RTX 3050/PCIe/SSE2
Vendor:   NVIDIA Corporation
Version:  4.5.0 NVIDIA 515.105.01
GLES:     0
 GL_AMD_multi_draw_indirect GL_AMD_seamless_cubemap_per_texture GL_AMD_vertex_shader_viewport_index GL_AMD_vertex_shader_layer GL_ARB_arrays_of_arrays GL_ARB_base_instance GL_ARB_bindless_texture GL_ARB_blend_func_extended GL_ARB_buffer_storage GL_ARB_clear_buffer_object GL_ARB_clear_texture GL_ARB_clip_control GL_ARB_color_buffer_float GL_ARB_compressed_texture_pixel_storage GL_ARB_conservative_depth GL_ARB_compute_shader GL_ARB_compute_variable_group_size GL_ARB_conditional_render_inverted GL_ARB_copy_buffer GL_ARB_copy_image GL_ARB_cull_distance GL_ARB_debug_output GL_ARB_depth_buffer_float GL_ARB_depth_clamp GL_ARB_depth_texture GL_ARB_derivative_control GL_ARB_direct_state_access GL_ARB_draw_buffers GL_ARB_draw_buffers_blend GL_ARB_draw_indirect GL_ARB_draw_elements_base_vertex GL_ARB_draw_instanced GL_ARB_enhanced_layouts GL_ARB_ES2_compatibility GL_ARB_ES3_compatibility GL_ARB_ES3_1_compatibility GL_ARB_ES3_2_compatibility GL_ARB_explicit_attrib_location GL_ARB_explicit_uniform_location GL_ARB_fragmen
t_coord_conventions GL_ARB_fragment_layer_viewport GL_ARB_fragment_program GL_ARB_fragment_program_shadow GL_ARB_fragment_shader GL_ARB_fragment_shader_interlock GL_ARB_framebuffer_no_attachments GL_ARB_framebuffer_object GL_ARB_framebuffer_sRGB GL_ARB_geometry_shader4 GL_ARB_get_program_binary GL_ARB_get_texture_sub_image GL_ARB_gl_spirv GL_ARB_gpu_shader5 GL_ARB_gpu_shader_fp64 GL_ARB_gpu_shader_int64 GL_ARB_half_float_pixel GL_ARB_half_float_vertex GL_ARB_imaging GL_ARB_indirect_parameters GL_ARB_instanced_arrays GL_ARB_internalformat_query GL_ARB_internalformat_query2 GL_ARB_invalidate_subdata GL_ARB_map_buffer_alignment GL_ARB_map_buffer_range GL_ARB_multi_bind GL_ARB_multi_draw_indirect GL_ARB_multisample GL_ARB_multitexture GL_ARB_occlusion_query GL_ARB_occlusion_query2 GL_ARB_parallel_shader_compile GL_ARB_pipeline_statistics_query GL_ARB_pixel_buffer_object GL_ARB_point_parameters GL_ARB_point_sprite GL_ARB_polygon_offset_clamp GL_ARB_post_depth_coverage GL_ARB_program_interface_query GL_ARB_provoki
ng_vertex GL_ARB_query_buffer_object GL_ARB_robust_buffer_access_behavior GL_ARB_robustness GL_ARB_sample_locations GL_ARB_sample_shading GL_ARB_sampler_objects GL_ARB_seamless_cube_map GL_ARB_seamless_cubemap_per_texture GL_ARB_separate_shader_objects GL_ARB_shader_atomic_counter_ops GL_ARB_shader_atomic_counters GL_ARB_shader_ballot GL_ARB_shader_bit_encoding GL_ARB_shader_clock GL_ARB_shader_draw_parameters GL_ARB_shader_group_vote GL_ARB_shader_image_load_store GL_ARB_shader_image_size GL_ARB_shader_objects GL_ARB_shader_precision GL_ARB_shader_storage_buffer_object GL_ARB_shader_subroutine GL_ARB_shader_texture_image_samples GL_ARB_shader_texture_lod GL_ARB_shading_language_100 GL_ARB_shader_viewport_layer_array GL_ARB_shading_language_420pack GL_ARB_shading_language_include GL_ARB_shading_language_packing GL_ARB_shadow GL_ARB_sparse_buffer GL_ARB_sparse_texture GL_ARB_sparse_texture2 GL_ARB_sparse_texture_clamp GL_ARB_spirv_extensions GL_ARB_stencil_texturing GL_ARB_sync GL_ARB_tessellation_shader GL_A
RB_texture_barrier GL_ARB_texture_border_clamp GL_ARB_texture_buffer_object GL_ARB_texture_buffer_object_rgb32 GL_ARB_texture_buffer_range GL_ARB_texture_compression GL_ARB_texture_compression_bptc GL_ARB_texture_compression_rgtc GL_ARB_texture_cube_map GL_ARB_texture_cube_map_array GL_ARB_texture_env_add GL_ARB_texture_env_combine GL_ARB_texture_env_crossbar GL_ARB_texture_env_dot3 GL_ARB_texture_filter_anisotropic GL_ARB_texture_filter_minmax GL_ARB_texture_float GL_ARB_texture_gather GL_ARB_texture_mirror_clamp_to_edge GL_ARB_texture_mirrored_repeat GL_ARB_texture_multisample GL_ARB_texture_non_power_of_two GL_ARB_texture_query_levels GL_ARB_texture_query_lod GL_ARB_texture_rectangle GL_ARB_texture_rg GL_ARB_texture_rgb10_a2ui GL_ARB_texture_stencil8 GL_ARB_texture_storage GL_ARB_texture_storage_multisample GL_ARB_texture_swizzle GL_ARB_texture_view GL_ARB_timer_query GL_ARB_transform_feedback2 GL_ARB_transform_feedback3 GL_ARB_transform_feedback_instanced GL_ARB_transform_feedback_overflow_query GL_ARB_t
ranspose_matrix GL_ARB_uniform_buffer_object GL_ARB_vertex_array_bgra GL_ARB_vertex_array_object GL_ARB_vertex_attrib_64bit GL_ARB_vertex_attrib_binding GL_ARB_vertex_buffer_object GL_ARB_vertex_program GL_ARB_vertex_shader GL_ARB_vertex_type_10f_11f_11f_rev GL_ARB_vertex_type_2_10_10_10_rev GL_ARB_viewport_array GL_ARB_window_pos GL_ATI_draw_buffers GL_ATI_texture_float GL_ATI_texture_mirror_once GL_S3_s3tc GL_EXT_texture_env_add GL_EXT_abgr GL_EXT_bgra GL_EXT_bindable_uniform GL_EXT_blend_color GL_EXT_blend_equation_separate GL_EXT_blend_func_separate GL_EXT_blend_minmax GL_EXT_blend_subtract GL_EXT_compiled_vertex_array GL_EXT_Cg_shader GL_EXT_depth_bounds_test GL_EXT_direct_state_access GL_EXT_draw_buffers2 GL_EXT_draw_instanced GL_EXT_draw_range_elements GL_EXT_fog_coord GL_EXT_framebuffer_blit GL_EXT_framebuffer_multisample GL_EXTX_framebuffer_mixed_formats GL_EXT_framebuffer_multisample_blit_scaled GL_EXT_framebuffer_object GL_EXT_framebuffer_sRGB GL_EXT_geometry_shader4 GL_EXT_gpu_program_parameters 
GL_EXT_gpu_shader4 GL_EXT_multi_draw_arrays GL_EXT_multiview_texture_multisample GL_EXT_multiview_timer_query GL_EXT_packed_depth_stencil GL_EXT_packed_float GL_EXT_packed_pixels GL_EXT_pixel_buffer_object GL_EXT_point_parameters GL_EXT_polygon_offset_clamp GL_EXT_post_depth_coverage GL_EXT_provoking_vertex GL_EXT_raster_multisample GL_EXT_rescale_normal GL_EXT_secondary_color GL_EXT_separate_shader_objects GL_EXT_separate_specular_color GL_EXT_shader_image_load_formatted GL_EXT_shader_image_load_store GL_EXT_shader_integer_mix GL_EXT_shadow_funcs GL_EXT_sparse_texture2 GL_EXT_stencil_two_side GL_EXT_stencil_wrap GL_EXT_texture3D GL_EXT_texture_array GL_EXT_texture_buffer_object GL_EXT_texture_compression_dxt1 GL_EXT_texture_compression_latc GL_EXT_texture_compression_rgtc GL_EXT_texture_compression_s3tc GL_EXT_texture_cube_map GL_EXT_texture_edge_clamp GL_EXT_texture_env_combine GL_EXT_texture_env_dot3 GL_EXT_texture_filter_anisotropic GL_EXT_texture_filter_minmax GL_EXT_texture_integer GL_EXT_texture_lod G
L_EXT_texture_lod_bias GL_EXT_texture_mirror_clamp GL_EXT_texture_object GL_EXT_texture_shadow_lod GL_EXT_texture_shared_exponent GL_EXT_texture_sRGB GL_EXT_texture_sRGB_R8 GL_EXT_texture_sRGB_decode GL_EXT_texture_storage GL_EXT_texture_swizzle GL_EXT_timer_query GL_EXT_transform_feedback2 GL_EXT_vertex_array GL_EXT_vertex_array_bgra GL_EXT_vertex_attrib_64bit GL_EXT_window_rectangles GL_EXT_x11_sync_object GL_EXT_import_sync_object GL_NV_robustness_video_memory_purge GL_IBM_rasterpos_clip GL_IBM_texture_mirrored_repeat GL_KHR_context_flush_control GL_KHR_debug GL_EXT_memory_object GL_EXT_memory_object_fd GL_NV_memory_object_sparse GL_KHR_parallel_shader_compile GL_KHR_no_error GL_KHR_robust_buffer_access_behavior GL_KHR_robustness GL_EXT_semaphore GL_EXT_semaphore_fd GL_NV_timeline_semaphore GL_KHR_shader_subgroup GL_KTX_buffer_region GL_NV_alpha_to_coverage_dither_control GL_NV_bindless_multi_draw_indirect GL_NV_bindless_multi_draw_indirect_count GL_NV_bindless_texture GL_NV_blend_equation_advanced GL_NV_
blend_equation_advanced_coherent GL_NVX_blend_equation_advanced_multi_draw_buffers GL_NV_blend_minmax_factor GL_NV_blend_square GL_NV_clip_space_w_scaling GL_NV_command_list GL_NV_compute_program5 GL_NV_compute_shader_derivatives GL_NV_conditional_render GL_NV_conservative_raster GL_NV_conservative_raster_dilate GL_NV_conservative_raster_pre_snap GL_NV_conservative_raster_pre_snap_triangles GL_NV_conservative_raster_underestimation GL_NV_copy_depth_to_color GL_NV_copy_image GL_NV_depth_buffer_float GL_NV_depth_clamp GL_NV_draw_texture GL_NV_draw_vulkan_image GL_NV_ES1_1_compatibility GL_NV_ES3_1_compatibility GL_NV_explicit_multisample GL_NV_feature_query GL_NV_fence GL_NV_fill_rectangle GL_NV_float_buffer GL_NV_fog_distance GL_NV_fragment_coverage_to_color GL_NV_fragment_program GL_NV_fragment_program_option GL_NV_fragment_program2 GL_NV_fragment_shader_barycentric GL_NV_fragment_shader_interlock GL_NV_framebuffer_mixed_samples GL_NV_framebuffer_multisample_coverage GL_NV_geometry_shader4 GL_NV_geometry_sha
der_passthrough GL_NV_gpu_program4 GL_NV_internalformat_sample_query GL_NV_gpu_program4_1 GL_NV_gpu_program5 GL_NV_gpu_program5_mem_extended GL_NV_gpu_program_fp64 GL_NV_gpu_shader5 GL_NV_half_float GL_NV_light_max_exponent GL_NV_memory_attachment GL_NV_mesh_shader GL_NV_multisample_coverage GL_NV_multisample_filter_hint GL_NV_occlusion_query GL_NV_packed_depth_stencil GL_NV_parameter_buffer_object GL_NV_parameter_buffer_object2 GL_NV_path_rendering GL_NV_path_rendering_shared_edge GL_NV_pixel_data_range GL_NV_point_sprite GL_NV_primitive_restart GL_NV_primitive_shading_rate GL_NV_query_resource GL_NV_query_resource_tag GL_NV_register_combiners GL_NV_register_combiners2 GL_NV_representative_fragment_test GL_NV_sample_locations GL_NV_sample_mask_override_coverage GL_NV_scissor_exclusive GL_NV_shader_atomic_counters GL_NV_shader_atomic_float GL_NV_shader_atomic_float64 GL_NV_shader_atomic_fp16_vector GL_NV_shader_atomic_int64 GL_NV_shader_buffer_load GL_NV_shader_storage_buffer_object GL_NV_shader_subgroup_par
titioned GL_NV_shader_texture_footprint GL_NV_shading_rate_image GL_NV_stereo_view_rendering GL_NV_texgen_reflection GL_NV_texture_barrier GL_NV_texture_compression_vtc GL_NV_texture_dirty_tile_map GL_NV_texture_env_combine4 GL_NV_texture_multisample GL_NV_texture_rectangle GL_NV_texture_rectangle_compressed GL_NV_texture_shader GL_NV_texture_shader2 GL_NV_texture_shader3 GL_NV_transform_feedback GL_NV_transform_feedback2 GL_NV_uniform_buffer_unified_memory GL_NV_vdpau_interop GL_NV_vdpau_interop2 GL_NV_vertex_array_range GL_NV_vertex_array_range2 GL_NV_vertex_attrib_integer_64bit GL_NV_vertex_buffer_unified_memory GL_NV_vertex_program GL_NV_vertex_program1_1 GL_NV_vertex_program2 GL_NV_vertex_program2_option GL_NV_vertex_program3 GL_NV_viewport_array2 GL_NV_viewport_swizzle GL_NVX_conditional_render GL_NV_gpu_multicast GL_NVX_progress_fence GL_NVX_gpu_memory_info GL_NVX_nvenc_interop GL_NV_shader_thread_group GL_NV_shader_thread_shuffle GL_KHR_blend_equation_advanced GL_KHR_blend_equation_advanced_coherent 
GL_OVR_multiview GL_OVR_multiview2 GL_SGIS_generate_mipmap GL_SGIS_texture_lod GL_SGIX_depth_texture GL_SGIX_shadow GL_SUN_slice_accum
OPENGL LOG: Creating OpenGL 4.5 graphics device ; Context level  <OpenGL 4.5> ; Context handle 1275949640
Initialize mono
Mono path[0] = '/home/vladimir/Unity/Hub/Editor/2022.2.6f1/Editor/Data/Managed'
Mono path[1] = '/home/vladimir/Unity/Hub/Editor/2022.2.6f1/Editor/Data/MonoBleedingEdge/lib/mono/unityjit-linux'
Mono config path = '/home/vladimir/Unity/Hub/Editor/2022.2.6f1/Editor/Data/MonoBleedingEdge/etc'
Using monoOptions --debugger-agent=transport=dt_socket,embedding=1,server=y,suspend=n,address=127.0.0.1:56647
Begin MonoManager ReloadAssembly
Registering precompiled unity dll's ...
Register platform support module: /home/vladimir/Unity/Hub/Editor/2022.2.6f1/Editor/Data/PlaybackEngines/LinuxStandaloneSupport/UnityEditor.LinuxStandalone.Extensions.dll
Registered in 0,004683 seconds.
- Loaded All Assemblies, in  0,233 seconds
Native extension for LinuxStandalone target not found
Mono: successfully reloaded assembly
- Finished resetting the current domain, in  0,271 seconds
Domain Reload Profiling:
	ReloadAssembly (130ms)
		BeginReloadAssembly (36ms)
			ExecutionOrderSort (0ms)
			DisableScriptedObjects (0ms)
			BackupInstance (0ms)
			ReleaseScriptingObjects (0ms)
			CreateAndSetChildDomain (1ms)
		LoadAllAssembliesAndSetupDomain (0ms)
			LoadAssemblies (35ms)
			RebuildTransferFunctionScriptingTraits (0ms)
			SetupTypeCache (100ms)
				TypeCache.Initialize (99ms)
					TypeCache.ScanAssembly (98ms)
				ResolveRequiredComponents (0ms)
		FinalizeReload (0ms)
			ReleaseScriptCaches (0ms)
			RebuildScriptCaches (0ms)
			SetupLoadedEditorAssemblies (223ms)
				LogAssemblyErrors (0ms)
				InitializePlatformSupportModulesInManaged (36ms)
				SetLoadedEditorAssemblies (9ms)
				RefreshPlugins (0ms)
				BeforeProcessingInitializeOnLoad (1ms)
				ProcessInitializeOnLoadAttributes (138ms)
				ProcessInitializeOnLoadMethodAttributes (39ms)
				AfterProcessingInitializeOnLoad (0ms)
				EditorAssembliesLoaded (0ms)
			ExecutionOrderSort2 (0ms)
			AwakeInstancesAfterBackupRestoration (0ms)
========================================================================
Worker process is ready to serve import requests
Begin MonoManager ReloadAssembly
Symbol file LoadedFromMemory doesn't match image /home/vladimir/My project/Library/PackageCache/com.unity.visualscripting@1.8.0/Editor/VisualScripting.Core/Dependencies/YamlDotNet/Unity.VisualScripting.YamlDotNet.dll
Symbol file LoadedFromMemory doesn't match image /home/vladimir/My project/Library/PackageCache/com.unity.visualscripting@1.8.0/Editor/VisualScripting.Core/Dependencies/DotNetZip/Unity.VisualScripting.IonicZip.dll
- Loaded All Assemblies, in  0,658 seconds
Refreshing native plugins compatible for Editor in 1,78 ms, found 0 plugins.
Native extension for LinuxStandalone target not found
Mono: successfully reloaded assembly
- Finished resetting the current domain, in  0,423 seconds
Domain Reload Profiling:
	ReloadAssembly (177ms)
		BeginReloadAssembly (103ms)
			ExecutionOrderSort (0ms)
			DisableScriptedObjects (7ms)
			BackupInstance (0ms)
			ReleaseScriptingObjects (0ms)
			CreateAndSetChildDomain (27ms)
		LoadAllAssembliesAndSetupDomain (480ms)
			LoadAssemblies (175ms)
			RebuildTransferFunctionScriptingTraits (0ms)
			SetupTypeCache (335ms)
				TypeCache.Initialize (210ms)
					TypeCache.ScanAssembly (205ms)
				ResolveRequiredComponents (3ms)
		FinalizeReload (0ms)
			ReleaseScriptCaches (0ms)
			RebuildScriptCaches (0ms)
			SetupLoadedEditorAssemblies (315ms)
				LogAssemblyErrors (0ms)
				InitializePlatformSupportModulesInManaged (33ms)
				SetLoadedEditorAssemblies (3ms)
				RefreshPlugins (0ms)
				BeforeProcessingInitializeOnLoad (42ms)
				ProcessInitializeOnLoadAttributes (194ms)
				ProcessInitializeOnLoadMethodAttributes (39ms)
				AfterProcessingInitializeOnLoad (4ms)
				EditorAssembliesLoaded (0ms)
			ExecutionOrderSort2 (0ms)
			AwakeInstancesAfterBackupRestoration (3ms)
Shader 'MapMagic/TerrainPreviewURP': fallback shader 'Hidden/Universal Render Pipeline/FallbackError' not found
Shader 'MapMagic/TerrainPreviewURP': dependency 'AddPassShader' shader 'Hidden/Universal Render Pipeline/Terrain/Lit (Add Pass)' not found
Shader 'MapMagic/TerrainPreviewURP': dependency 'BaseMapShader' shader 'Hidden/Universal Render Pipeline/Terrain/Lit (Base Pass)' not found
Shader 'MapMagic/TerrainPreviewURP': dependency 'BaseMapGenShader' shader 'Hidden/Universal Render Pipeline/Terrain/Lit (Basemap Gen)' not found
Shader 'MapMagic/TerrainPreviewHDRP': dependency 'BaseMapShader' shader 'Hidden/HDRP/TerrainLit_Basemap' not found
Shader 'MapMagic/TerrainPreviewHDRP': dependency 'BaseMapGenShader' shader 'Hidden/HDRP/TerrainLit_BasemapGen' not found
Shader 'MapMagic/TerrainPreviewURP': fallback shader 'Hidden/Universal Render Pipeline/FallbackError' not found
Shader 'MapMagic/TerrainPreviewURP': dependency 'AddPassShader' shader 'Hidden/Universal Render Pipeline/Terrain/Lit (Add Pass)' not found
Shader 'MapMagic/TerrainPreviewURP': dependency 'BaseMapShader' shader 'Hidden/Universal Render Pipeline/Terrain/Lit (Base Pass)' not found
Shader 'MapMagic/TerrainPreviewURP': dependency 'BaseMapGenShader' shader 'Hidden/Universal Render Pipeline/Terrain/Lit (Basemap Gen)' not found
Shader 'MapMagic/TerrainPreviewHDRP': dependency 'BaseMapShader' shader 'Hidden/HDRP/TerrainLit_Basemap' not found
Shader 'MapMagic/TerrainPreviewHDRP': dependency 'BaseMapGenShader' shader 'Hidden/HDRP/TerrainLit_BasemapGen' not found
Launched and connected shader compiler UnityShaderCompiler after 0.03 seconds
Refreshing native plugins compatible for Editor in 1,75 ms, found 0 plugins.
Preloading 0 native plugins for Editor in 0,00 ms.
Unloading 3340 Unused Serialized files (Serialized files now loaded: 0)
Unloading 33 unused Assets / (10,6 MB). Loaded Objects now: 3814.
Memory consumption went from 0,54 GB to 0,52 GB.
Total: 4,805390 ms (FindLiveObjects: 0,291657 ms CreateObjectMapping: 0,190337 ms MarkObjects: 3,004644 ms  DeleteObjects: 1,317881 ms)

AssetImportParameters requested are different than current active one (requested -> active):
  custom:container-demuxer-ogg: 62fdf1f143b41e24485cea50d1cbac27 -> 
  custom:video-decoder-ogg-theora: a1e56fd34408186e4bbccfd4996cb3dc -> 
  custom:container-demuxer-webm: 4f35f7cbe854078d1ac9338744f61a02 -> 
  custom:container-muxer-webm: aa71ff27fc2769a1b78a27578f13a17b -> 
  custom:video-decoder-webm-vp8: 9c59270c3fd7afecdb556c50c9e8de78 -> 
  custom:AudioImporter_EditorPlatform: 2f0ff77a95e0ac474e3e8eeba4e2f7cb -> 
  custom:video-encoder-webm-vp8: eb34c28f22e8b96e1ab97ce403110664 -> 
  custom:audio-decoder-ogg-vorbis: bf7c407c2cedff20999df2af8eb42d56 -> 
  custom:audio-encoder-webm-vorbis: bf7c407c2cedff20999df2af8eb42d56 -> 
========================================================================
Received Import Request.
  Time since last request: 34808,587682 seconds.
  path: Assets/MapMagic/Demo/Compatibility/MegaSplat/_splat_control.png
  artifactKey: Guid(00d1cebc90bf64547811c7a93af35061) Importer(815301076,1909f56bfc062723c751e8b465ee728b)
Start importing Assets/MapMagic/Demo/Compatibility/MegaSplat/_splat_control.png using Guid(00d1cebc90bf64547811c7a93af35061) Importer(815301076,1909f56bfc062723c751e8b465ee728b)  -> (artifact id: '678a060a11b7a1d72d8f07619a8400b9') in 0,041176 seconds 
Number of updated asset objects reloaded before import = 0
Number of asset objects unloaded after import = 2
========================================================================
Received Import Request.
  Time since last request: 0,000012 seconds.
  path: Assets/MapMagic/Demo/Compatibility/MegaSplat/MegaSplatMaterial2.mat
  artifactKey: Guid(bc4863b7c9671a64c965b3e099e16a5d) Importer(815301076,1909f56bfc062723c751e8b465ee728b)
Start importing Assets/MapMagic/Demo/Compatibility/MegaSplat/MegaSplatMaterial2.mat using Guid(bc4863b7c9671a64c965b3e099e16a5d) Importer(815301076,1909f56bfc062723c751e8b465ee728b)  -> (artifact id: '2d5923b48688cb861974b67e0e98bca3') in 0,062665 seconds 
Number of updated asset objects reloaded before import = 0
Number of asset objects unloaded after import = 1
========================================================================
Received Import Request.
  Time since last request: 0,492812 seconds.
  path: Assets/MapMagic/Demo/Compatibility/MegaSplat/Texture Array Config.asset
  artifactKey: Guid(bd2b5ffb3ae7b954a9de8249fef6f290) Importer(815301076,1909f56bfc062723c751e8b465ee728b)
Start importing Assets/MapMagic/Demo/Compatibility/MegaSplat/Texture Array Config.asset using Guid(bd2b5ffb3ae7b954a9de8249fef6f290) Importer(815301076,1909f56bfc062723c751e8b465ee728b)  -> (artifact id: '217a7cdd34c4472ea6fd3b97c2fc73c2') in 0,001386 seconds 
Number of updated asset objects reloaded before import = 0
Number of asset objects unloaded after import = 1
========================================================================
Received Import Request.
  Time since last request: 0,017274 seconds.
  path: Assets/MapMagic/Demo/Compatibility/MegaSplat/Texture Array Config_diff_tarray.asset
  artifactKey: Guid(a992d0bd4ae44034eb2da6f35114e4d7) Importer(815301076,1909f56bfc062723c751e8b465ee728b)
Start importing Assets/MapMagic/Demo/Compatibility/MegaSplat/Texture Array Config_diff_tarray.asset using Guid(a992d0bd4ae44034eb2da6f35114e4d7) Importer(815301076,1909f56bfc062723c751e8b465ee728b)  -> (artifact id: 'fa547a1a7c84db01ecddbb44b4f7e9f2') in 0,054824 seconds 
Number of updated asset objects reloaded before import = 0
Number of asset objects unloaded after import = 1
========================================================================
Received Import Request.
  Time since last request: 0,000011 seconds.
  path: Assets/MapMagic/Demo/Compatibility/MegaSplat/Texture Array Config_texlist.asset
  artifactKey: Guid(e0e4204d62e04354fb8e887c2cd478e4) Importer(815301076,1909f56bfc062723c751e8b465ee728b)
Start importing Assets/MapMagic/Demo/Compatibility/MegaSplat/Texture Array Config_texlist.asset using Guid(e0e4204d62e04354fb8e887c2cd478e4) Importer(815301076,1909f56bfc062723c751e8b465ee728b)  -> (artifact id: '05fd5e5df19b12a9fa6895e80ebbada8') in 0,000791 seconds 
Number of updated asset objects reloaded before import = 0
Number of asset objects unloaded after import = 1
========================================================================
Received Import Request.
  Time since last request: 11,213183 seconds.
  path: Assets/MapMagic/Demo/Compatibility/CTS/CTS_Profile.asset
  artifactKey: Guid(8ad15df770e5637419c53ab8dd1808b3) Importer(815301076,1909f56bfc062723c751e8b465ee728b)
Start importing Assets/MapMagic/Demo/Compatibility/CTS/CTS_Profile.asset using Guid(8ad15df770e5637419c53ab8dd1808b3) Importer(815301076,1909f56bfc062723c751e8b465ee728b)  -> (artifact id: 'd24dabbd111348bf0055fcf761bbdd19') in 0,001282 seconds 
Number of updated asset objects reloaded before import = 0
Number of asset objects unloaded after import = 1
========================================================================
Received Import Request.
  Time since last request: 22,167699 seconds.
  path: Assets/MapMagic/Demo/Compatibility/VegetationStudioPro/VSProPackage.asset
  artifactKey: Guid(65a0bf98abfb3c143966291503e48443) Importer(815301076,1909f56bfc062723c751e8b465ee728b)
Start importing Assets/MapMagic/Demo/Compatibility/VegetationStudioPro/VSProPackage.asset using Guid(65a0bf98abfb3c143966291503e48443) Importer(815301076,1909f56bfc062723c751e8b465ee728b)  -> (artifact id: 'a8b348c460b0f4f6a76354b53df879d0') in 0,005819 seconds 
Number of updated asset objects reloaded before import = 0
Number of asset objects unloaded after import = 1
========================================================================
Received Import Request.
  Time since last request: 1939,903613 seconds.
  path: Assets/MapMagic/Core/Editor/Resources/MapMagic/About.png
  artifactKey: Guid(0d85e3cd5a906c549a537b38816837e5) Importer(815301076,1909f56bfc062723c751e8b465ee728b)
Start importing Assets/MapMagic/Core/Editor/Resources/MapMagic/About.png using Guid(0d85e3cd5a906c549a537b38816837e5) Importer(815301076,1909f56bfc062723c751e8b465ee728b)  -> (artifact id: '72743365b3652f03229e9776c9c9e789') in 0,006122 seconds 
Number of updated asset objects reloaded before import = 0
Number of asset objects unloaded after import = 2
========================================================================
Received Import Request.
  Time since last request: 0,069225 seconds.
  path: Assets/MapMagic/Core/Editor/Resources/GeneratorIcons/pro/Add.png
  artifactKey: Guid(bc3094669c0f82d49bbabe03afc4d9bd) Importer(815301076,1909f56bfc062723c751e8b465ee728b)
Start importing Assets/MapMagic/Core/Editor/Resources/GeneratorIcons/pro/Add.png using Guid(bc3094669c0f82d49bbabe03afc4d9bd) Importer(815301076,1909f56bfc062723c751e8b465ee728b)  -> (artifact id: 'cf0e0dea4f7c9f57755671429dd2208a') in 0,004934 seconds 
Number of updated asset objects reloaded before import = 0
Number of asset objects unloaded after import = 2
========================================================================
Received Import Request.
  Time since last request: 0,071054 seconds.
  path: Assets/MapMagic/Core/Editor/Resources/MapMagic/NodeLayers/AddIcon.png
  artifactKey: Guid(7af2df20b3a002145b59c67a2deebf66) Importer(815301076,1909f56bfc062723c751e8b465ee728b)
Start importing Assets/MapMagic/Core/Editor/Resources/MapMagic/NodeLayers/AddIcon.png using Guid(7af2df20b3a002145b59c67a2deebf66) Importer(815301076,1909f56bfc062723c751e8b465ee728b)  -> (artifact id: '1fc375db6e69994b017a65e03acdf324') in 0,006522 seconds 
Number of updated asset objects reloaded before import = 0
Number of asset objects unloaded after import = 2
========================================================================
Received Import Request.
  Time since last request: 0,000013 seconds.
  path: Assets/MapMagic/Core/Editor/Resources/MapMagic/ValuesAdjustPreview/On/Adjust.png
  artifactKey: Guid(367dacab1866c1949a240af75230a904) Importer(815301076,1909f56bfc062723c751e8b465ee728b)
Start importing Assets/MapMagic/Core/Editor/Resources/MapMagic/ValuesAdjustPreview/On/Adjust.png using Guid(367dacab1866c1949a240af75230a904) Importer(815301076,1909f56bfc062723c751e8b465ee728b)  -> (artifact id: 'e7b79b682f8815c684b4719b4931cc26') in 0,009399 seconds 
Number of updated asset objects reloaded before import = 0
Number of asset objects unloaded after import = 2
========================================================================
Received Import Request.
  Time since last request: 0,000018 seconds.
  path: Assets/MapMagic/Core/Editor/Resources/MapMagic/Node/Background.png
  artifactKey: Guid(405d8b3a6ab5d60479e2e313aae76c76) Importer(815301076,1909f56bfc062723c751e8b465ee728b)
Start importing Assets/MapMagic/Core/Editor/Resources/MapMagic/Node/Background.png using Guid(405d8b3a6ab5d60479e2e313aae76c76) Importer(815301076,1909f56bfc062723c751e8b465ee728b)  -> (artifact id: '51f217287721c650bf99e3867630e4c1') in 0,006009 seconds 
Number of updated asset objects reloaded before import = 0
Number of asset objects unloaded after import = 2
========================================================================
Received Import Request.
  Time since last request: 0,000014 seconds.
  path: Assets/MapMagic/Demo/Compatibility/VegetationStudioPro/VSProPackage_billboards/billboard_85ec345c-301e-4eaa-8fd5-adced0b8a33b.png
  artifactKey: Guid(124746e8be540d64ca18f685e4cac1b3) Importer(815301076,1909f56bfc062723c751e8b465ee728b)
Start importing Assets/MapMagic/Demo/Compatibility/VegetationStudioPro/VSProPackage_billboards/billboard_85ec345c-301e-4eaa-8fd5-adced0b8a33b.png using Guid(124746e8be540d64ca18f685e4cac1b3) Importer(815301076,1909f56bfc062723c751e8b465ee728b)  -> (artifact id: '7a038af63af65dc6d92ef150eaf77a8a') in 0,004521 seconds 
Number of updated asset objects reloaded before import = 0
Number of asset objects unloaded after import = 2
========================================================================
Received Import Request.
  Time since last request: 0,000022 seconds.
  path: Assets/MapMagic/Core/Editor/Resources/GeneratorIcons/pro/Adjust.png
  artifactKey: Guid(0f2d0864c99db4e428656c7194467992) Importer(815301076,1909f56bfc062723c751e8b465ee728b)
Start importing Assets/MapMagic/Core/Editor/Resources/GeneratorIcons/pro/Adjust.png using Guid(0f2d0864c99db4e428656c7194467992) Importer(815301076,1909f56bfc062723c751e8b465ee728b)  -> (artifact id: 'da407775eb0469eab3a036055fd6acd0') in 0,003684 seconds 
Number of updated asset objects reloaded before import = 0
Number of asset objects unloaded after import = 2
========================================================================
Received Import Request.
  Time since last request: 0,000014 seconds.
  path: Assets/MapMagic/Demo/Compatibility/VegetationStudioPro/VSProPackage_billboards/billboardNormal_fe51fdb3-aea2-41ea-9519-2ea6ff9d7ed3.png
  artifactKey: Guid(8f20798144ca0ae41a306327deba3892) Importer(815301076,1909f56bfc062723c751e8b465ee728b)
Start importing Assets/MapMagic/Demo/Compatibility/VegetationStudioPro/VSProPackage_billboards/billboardNormal_fe51fdb3-aea2-41ea-9519-2ea6ff9d7ed3.png using Guid(8f20798144ca0ae41a306327deba3892) Importer(815301076,1909f56bfc062723c751e8b465ee728b)  -> (artifact id: '87dde23d303867078716c72311662c7e') in 0,002534 seconds 
Number of updated asset objects reloaded before import = 0
Number of asset objects unloaded after import = 2
========================================================================
Received Import Request.
  Time since last request: 0,000031 seconds.
  path: Assets/MapMagic/Demo/Compatibility/VegetationStudioPro/VSProPackage_billboards/billboard_edce9a90-3f58-439b-91d0-5d80a4edbdb3.png
  artifactKey: Guid(e434bb3c49e256c42b516ab292c03b20) Importer(815301076,1909f56bfc062723c751e8b465ee728b)
Start importing Assets/MapMagic/Demo/Compatibility/VegetationStudioPro/VSProPackage_billboards/billboard_edce9a90-3f58-439b-91d0-5d80a4edbdb3.png using Guid(e434bb3c49e256c42b516ab292c03b20) Importer(815301076,1909f56bfc062723c751e8b465ee728b)  -> (artifact id: '5d24fc86301895b78f1e57bf8fffe06e') in 0,002511 seconds 
Number of updated asset objects reloaded before import = 0
Number of asset objects unloaded after import = 2
========================================================================
Received Import Request.
  Time since last request: 0,000008 seconds.
  path: Assets/MapMagic/Demo/Compatibility/VegetationStudioPro/VSProPackage_billboards/billboardNormal_85ec345c-301e-4eaa-8fd5-adced0b8a33b.png
  artifactKey: Guid(00abc4c034cf52047a856052a937a439) Importer(815301076,1909f56bfc062723c751e8b465ee728b)
Start importing Assets/MapMagic/Demo/Compatibility/VegetationStudioPro/VSProPackage_billboards/billboardNormal_85ec345c-301e-4eaa-8fd5-adced0b8a33b.png using Guid(00abc4c034cf52047a856052a937a439) Importer(815301076,1909f56bfc062723c751e8b465ee728b)  -> (artifact id: '7bf97769d1b8426246a3b57061a3a448') in 0,003357 seconds 
Number of updated asset objects reloaded before import = 0
Number of asset objects unloaded after import = 2
========================================================================
Received Import Request.
  Time since last request: 0,000023 seconds.
  path: Assets/Textures/images/Altitude_2K.png
  artifactKey: Guid(3864e3b6d8c6e3e418035599ca0e138c) Importer(815301076,1909f56bfc062723c751e8b465ee728b)
Start importing Assets/Textures/images/Altitude_2K.png using Guid(3864e3b6d8c6e3e418035599ca0e138c) Importer(815301076,1909f56bfc062723c751e8b465ee728b)  -> (artifact id: '3d6b4b51d1beb79ff4f3e2fa2cd01f7b') in 0,022245 seconds 
Number of updated asset objects reloaded before import = 0
Number of asset objects unloaded after import = 3
========================================================================
Received Import Request.
  Time since last request: 0,000012 seconds.
  path: Assets/MapMagic/Core/Editor/Resources/MapMagic/NodeLayers/Bot.png
  artifactKey: Guid(d43dff7b47e3e4e4b99072ff78252d46) Importer(815301076,1909f56bfc062723c751e8b465ee728b)
Start importing Assets/MapMagic/Core/Editor/Resources/MapMagic/NodeLayers/Bot.png using Guid(d43dff7b47e3e4e4b99072ff78252d46) Importer(815301076,1909f56bfc062723c751e8b465ee728b)  -> (artifact id: 'dc8ab9c12cfb527e8e4c49736b11e54a') in 0,010609 seconds 
Number of updated asset objects reloaded before import = 0
Number of asset objects unloaded after import = 2
========================================================================
Received Import Request.
  Time since last request: 0,000010 seconds.
  path: Assets/MapMagic/Tools/GUI/Editor/Resources/DPUI/Backgrounds/Black.png
  artifactKey: Guid(6d0db9e56b13a3d4cbc4fbeb5a74432b) Importer(815301076,1909f56bfc062723c751e8b465ee728b)
Start importing Assets/MapMagic/Tools/GUI/Editor/Resources/DPUI/Backgrounds/Black.png using Guid(6d0db9e56b13a3d4cbc4fbeb5a74432b) Importer(815301076,1909f56bfc062723c751e8b465ee728b)  -> (artifact id: 'a3160b0e2d3524d0e0072754aa7ee3dc') in 0,005839 seconds 
Number of updated asset objects reloaded before import = 0
Number of asset objects unloaded after import = 2
========================================================================
Received Import Request.
  Time since last request: 0,000016 seconds.
  path: Assets/MapMagic/Demo/Compatibility/VegetationStudioPro/VSProPackage_billboards/billboard_d2209f28-1639-47cb-a49b-8e844c9a28b9.png
  artifactKey: Guid(1117dd0aebc9292458e24d7cd66b0ade) Importer(815301076,1909f56bfc062723c751e8b465ee728b)
Start importing Assets/MapMagic/Demo/Compatibility/VegetationStudioPro/VSProPackage_billboards/billboard_d2209f28-1639-47cb-a49b-8e844c9a28b9.png using Guid(1117dd0aebc9292458e24d7cd66b0ade) Importer(815301076,1909f56bfc062723c751e8b465ee728b)  -> (artifact id: '77764a68d562efaf24be6907cb3f11d3') in 0,004065 seconds 
Number of updated asset objects reloaded before import = 0
Number of asset objects unloaded after import = 2
========================================================================
Received Import Request.
  Time since last request: 0,000011 seconds.
  path: Assets/MapMagic/Tools/GUI/Editor/Resources/DPUI/TexCh/Blue.png
  artifactKey: Guid(def8187213bf7e64f9c8c805d9664877) Importer(815301076,1909f56bfc062723c751e8b465ee728b)
Start importing Assets/MapMagic/Tools/GUI/Editor/Resources/DPUI/TexCh/Blue.png using Guid(def8187213bf7e64f9c8c805d9664877) Importer(815301076,1909f56bfc062723c751e8b465ee728b)  -> (artifact id: '1a4d17aa8d35f978c0b016c2feadfb9a') in 0,003250 seconds 
Number of updated asset objects reloaded before import = 0
Number of asset objects unloaded after import = 2
========================================================================
Received Import Request.
  Time since last request: 0,000009 seconds.
  path: Assets/MapMagic/Tools/GUI/Editor/Resources/DPUI/Layers/BotSquare.png
  artifactKey: Guid(6776bfa2c490db94d96d089d32ca8974) Importer(815301076,1909f56bfc062723c751e8b465ee728b)
Start importing Assets/MapMagic/Tools/GUI/Editor/Resources/DPUI/Layers/BotSquare.png using Guid(6776bfa2c490db94d96d089d32ca8974) Importer(815301076,1909f56bfc062723c751e8b465ee728b)  -> (artifact id: '385c02e3cd17c0463479e4d22e9492d8') in 0,002597 seconds 
Number of updated asset objects reloaded before import = 0
Number of asset objects unloaded after import = 2
========================================================================
Received Import Request.
  Time since last request: 0,000008 seconds.
  path: Assets/MapMagic/Demo/Compatibility/VegetationStudioPro/VSProPackage_billboards/billboardNormal_f30c4ccc-52c3-4b5f-9d06-47e9dd8e0bb5.png
  artifactKey: Guid(0b6235109efeda94bb5c503457405a02) Importer(815301076,1909f56bfc062723c751e8b465ee728b)
Start importing Assets/MapMagic/Demo/Compatibility/VegetationStudioPro/VSProPackage_billboards/billboardNormal_f30c4ccc-52c3-4b5f-9d06-47e9dd8e0bb5.png using Guid(0b6235109efeda94bb5c503457405a02) Importer(815301076,1909f56bfc062723c751e8b465ee728b)  -> (artifact id: '07adc37808f48c229a4a4e2f990686c4') in 0,002701 seconds 
Number of updated asset objects reloaded before import = 0
Number of asset objects unloaded after import = 2
========================================================================
Received Import Request.
  Time since last request: 0,000008 seconds.
  path: Assets/MapMagic/Core/Editor/Resources/MapMagic/ValuesAdjustPreview/On/pro/Adjust.png
  artifactKey: Guid(5435ea062fceb924bad4a7cf433f0e25) Importer(815301076,1909f56bfc062723c751e8b465ee728b)
Start importing Assets/MapMagic/Core/Editor/Resources/MapMagic/ValuesAdjustPreview/On/pro/Adjust.png using Guid(5435ea062fceb924bad4a7cf433f0e25) Importer(815301076,1909f56bfc062723c751e8b465ee728b)  -> (artifact id: 'b46ecaaa3d580d54f8634d06e74cfbeb') in 0,002323 seconds 
Number of updated asset objects reloaded before import = 0
Number of asset objects unloaded after import = 2
========================================================================
Received Import Request.
  Time since last request: 0,000014 seconds.
  path: Assets/MapMagic/Tools/GUI/Editor/Resources/DPUI/ProgressBar/BackgroundBorderless_pro.png
  artifactKey: Guid(4d4a5bb806ce5ed4abd87e1354c2835b) Importer(815301076,1909f56bfc062723c751e8b465ee728b)
Start importing Assets/MapMagic/Tools/GUI/Editor/Resources/DPUI/ProgressBar/BackgroundBorderless_pro.png using Guid(4d4a5bb806ce5ed4abd87e1354c2835b) Importer(815301076,1909f56bfc062723c751e8b465ee728b)  -> (artifact id: '0940a589dcdc50ebbbe3807db04ac37c') in 0,002389 seconds 
Number of updated asset objects reloaded before import = 0
Number of asset objects unloaded after import = 2
========================================================================
Received Import Request.
  Time since last request: 0,000007 seconds.
  path: Assets/MapMagic/Core/Editor/Resources/MapMagic/PinButtons/pro/Bottom_pressed.png
  artifactKey: Guid(3c5552b933055524d98a8225fbf8a6c7) Importer(815301076,1909f56bfc062723c751e8b465ee728b)
Start importing Assets/MapMagic/Core/Editor/Resources/MapMagic/PinButtons/pro/Bottom_pressed.png using Guid(3c5552b933055524d98a8225fbf8a6c7) Importer(815301076,1909f56bfc062723c751e8b465ee728b)  -> (artifact id: '16606d9e642cc88cdbcab7a16e012558') in 0,002441 seconds 
Number of updated asset objects reloaded before import = 0
Number of asset objects unloaded after import = 2
========================================================================
Received Import Request.
  Time since last request: 0,000007 seconds.
  path: Assets/MapMagic/Core/Editor/Resources/MapMagic/Icons/AssetSmall.png
  artifactKey: Guid(caac29172d36efc44b6db68f91d9ffe3) Importer(815301076,1909f56bfc062723c751e8b465ee728b)
Start importing Assets/MapMagic/Core/Editor/Resources/MapMagic/Icons/AssetSmall.png using Guid(caac29172d36efc44b6db68f91d9ffe3) Importer(815301076,1909f56bfc062723c751e8b465ee728b)  -> (artifact id: '9696fac8705e6d01951527307e214958') in 0,005824 seconds 
Number of updated asset objects reloaded before import = 0
Number of asset objects unloaded after import = 2
========================================================================
Received Import Request.
  Time since last request: 0,000019 seconds.
  path: Assets/MapMagic/Core/Editor/Resources/MapMagic/NodeLayers/pro/AddIcon.png
  artifactKey: Guid(30cba69ca63509b47b9ee95479c5ebd9) Importer(815301076,1909f56bfc062723c751e8b465ee728b)
Start importing Assets/MapMagic/Core/Editor/Resources/MapMagic/NodeLayers/pro/AddIcon.png using Guid(30cba69ca63509b47b9ee95479c5ebd9) Importer(815301076,1909f56bfc062723c751e8b465ee728b)  -> (artifact id: 'b951c83037d1e733e7dc9259d40043a5') in 0,004684 seconds 
Number of updated asset objects reloaded before import = 0
Number of asset objects unloaded after import = 2
========================================================================
Received Import Request.
  Time since last request: 0,000011 seconds.
  path: Assets/MapMagic/Core/Editor/Resources/MapMagic/NodeLayers/AddPanelEmpty.png
  artifactKey: Guid(e98e4e4ce8f199e4c98a453294c8bd3f) Importer(815301076,1909f56bfc062723c751e8b465ee728b)
Start importing Assets/MapMagic/Core/Editor/Resources/MapMagic/NodeLayers/AddPanelEmpty.png using Guid(e98e4e4ce8f199e4c98a453294c8bd3f) Importer(815301076,1909f56bfc062723c751e8b465ee728b)  -> (artifact id: '40aa333257fb119cb854d66594c7c92b') in 0,003437 seconds 
Number of updated asset objects reloaded before import = 0
Number of asset objects unloaded after import = 2
========================================================================
Received Import Request.
  Time since last request: 0,000011 seconds.
  path: Assets/MapMagic/Tools/GUI/Editor/Resources/DPUI/Layers/AddPanelEmpty.png
  artifactKey: Guid(3449a4def699a9a48a997871c031aeb0) Importer(815301076,1909f56bfc062723c751e8b465ee728b)
Start importing Assets/MapMagic/Tools/GUI/Editor/Resources/DPUI/Layers/AddPanelEmpty.png using Guid(3449a4def699a9a48a997871c031aeb0) Importer(815301076,1909f56bfc062723c751e8b465ee728b)  -> (artifact id: 'ccac7cc0510b5da23ce1ded6c3089037') in 0,002760 seconds 
Number of updated asset objects reloaded before import = 0
Number of asset objects unloaded after import = 2
========================================================================
Received Import Request.
  Time since last request: 0,000010 seconds.
  path: Assets/Textures/images/AirDefenceIcon.png
  artifactKey: Guid(a6d9b3db3363c5445b222ee4c209b214) Importer(815301076,1909f56bfc062723c751e8b465ee728b)
Start importing Assets/Textures/images/AirDefenceIcon.png using Guid(a6d9b3db3363c5445b222ee4c209b214) Importer(815301076,1909f56bfc062723c751e8b465ee728b)  -> (artifact id: '25ee7f33225f984d491cf0a038bfe5ef') in 0,003655 seconds 
Number of updated asset objects reloaded before import = 0
Number of asset objects unloaded after import = 2
========================================================================
Received Import Request.
  Time since last request: 0,000009 seconds.
  path: Assets/MapMagic/Tools/GUI/Editor/Resources/DPUI/ProgressBar/Background.png
  artifactKey: Guid(7935908b1873b6d4aa87cf1df9ab6f85) Importer(815301076,1909f56bfc062723c751e8b465ee728b)
Start importing Assets/MapMagic/Tools/GUI/Editor/Resources/DPUI/ProgressBar/Background.png using Guid(7935908b1873b6d4aa87cf1df9ab6f85) Importer(815301076,1909f56bfc062723c751e8b465ee728b)  -> (artifact id: 'fbaf3303a2258a5e6f4cc1c8e11acc61') in 0,002908 seconds 
Number of updated asset objects reloaded before import = 0
Number of asset objects unloaded after import = 2
========================================================================
Received Import Request.
  Time since last request: 0,000012 seconds.
  path: Assets/MapMagic/Demo/Compatibility/VegetationStudioPro/VSProPackage_billboards/billboard_fe51fdb3-aea2-41ea-9519-2ea6ff9d7ed3.png
  artifactKey: Guid(5ed82a60a76392d4faf11f7dbb9e9092) Importer(815301076,1909f56bfc062723c751e8b465ee728b)
Start importing Assets/MapMagic/Demo/Compatibility/VegetationStudioPro/VSProPackage_billboards/billboard_fe51fdb3-aea2-41ea-9519-2ea6ff9d7ed3.png using Guid(5ed82a60a76392d4faf11f7dbb9e9092) Importer(815301076,1909f56bfc062723c751e8b465ee728b)  -> (artifact id: '02dac08aa8ac0fb5a7d2ec1dbc12878d') in 0,003081 seconds 
Number of updated asset objects reloaded before import = 0
Number of asset objects unloaded after import = 2
========================================================================
Received Import Request.
  Time since last request: 0,000009 seconds.
  path: Assets/MapMagic/Tools/GUI/Editor/Resources/DPUI/Layers/pro/BotSquare.png
  artifactKey: Guid(f2dc9b7119b4e674f975dbf5f82d56e7) Importer(815301076,1909f56bfc062723c751e8b465ee728b)
Start importing Assets/MapMagic/Tools/GUI/Editor/Resources/DPUI/Layers/pro/BotSquare.png using Guid(f2dc9b7119b4e674f975dbf5f82d56e7) Importer(815301076,1909f56bfc062723c751e8b465ee728b)  -> (artifact id: 'd8169f59749b320e6fb8e7945c9e7f8e') in 0,002986 seconds 
Number of updated asset objects reloaded before import = 0
Number of asset objects unloaded after import = 2
========================================================================
Received Import Request.
  Time since last request: 0,000008 seconds.
  path: Assets/MapMagic/Core/Editor/Resources/MapMagic/NodeLayers/pro/Bot.png
  artifactKey: Guid(eb7c962aa41642e4babe408f92a3ef48) Importer(815301076,1909f56bfc062723c751e8b465ee728b)
Start importing Assets/MapMagic/Core/Editor/Resources/MapMagic/NodeLayers/pro/Bot.png using Guid(eb7c962aa41642e4babe408f92a3ef48) Importer(815301076,1909f56bfc062723c751e8b465ee728b)  -> (artifact id: 'b8e2a306b45d54cca61939eee6ae4296') in 0,005665 seconds 
Number of updated asset objects reloaded before import = 0
Number of asset objects unloaded after import = 2
========================================================================
Received Import Request.
  Time since last request: 0,000017 seconds.
  path: Assets/MapMagic/Tools/GUI/Editor/Resources/DPUI/Icons/Adjust.png
  artifactKey: Guid(9b73062ae8cf20241bd14cc9c5abddc4) Importer(815301076,1909f56bfc062723c751e8b465ee728b)
Start importing Assets/MapMagic/Tools/GUI/Editor/Resources/DPUI/Icons/Adjust.png using Guid(9b73062ae8cf20241bd14cc9c5abddc4) Importer(815301076,1909f56bfc062723c751e8b465ee728b)  -> (artifact id: 'b8ae773abdc713a55009f7fce854d2f9') in 0,005643 seconds 
Number of updated asset objects reloaded before import = 0
Number of asset objects unloaded after import = 2
========================================================================
Received Import Request.
  Time since last request: 0,000011 seconds.
  path: Assets/MapMagic/Demo/Compatibility/VegetationStudioPro/VSProPackage_billboards/billboard_b2d4de98-d4ec-48d9-bf6d-742ab74d0981.png
  artifactKey: Guid(e5fa4b828342a7449ab6a456b5768ceb) Importer(815301076,1909f56bfc062723c751e8b465ee728b)
Start importing Assets/MapMagic/Demo/Compatibility/VegetationStudioPro/VSProPackage_billboards/billboard_b2d4de98-d4ec-48d9-bf6d-742ab74d0981.png using Guid(e5fa4b828342a7449ab6a456b5768ceb) Importer(815301076,1909f56bfc062723c751e8b465ee728b)  -> (artifact id: 'c4f91fc370c74ac45156c2bbada9fb2b') in 0,008068 seconds 
Number of updated asset objects reloaded before import = 0
Number of asset objects unloaded after import = 2
========================================================================
Received Import Request.
  Time since last request: 0,000011 seconds.
  path: Assets/MapMagic/Demo/Compatibility/VegetationStudioPro/VSProPackage_billboards/billboardNormal_a0a7e666-591c-43af-bc8a-e4673449907e.png
  artifactKey: Guid(f1ee11066b669754f95243c728b2838b) Importer(815301076,1909f56bfc062723c751e8b465ee728b)
Start importing Assets/MapMagic/Demo/Compatibility/VegetationStudioPro/VSProPackage_billboards/billboardNormal_a0a7e666-591c-43af-bc8a-e4673449907e.png using Guid(f1ee11066b669754f95243c728b2838b) Importer(815301076,1909f56bfc062723c751e8b465ee728b)  -> (artifact id: '3800e54ba30700746d55c9e988adbeba') in 0,004954 seconds 
Number of updated asset objects reloaded before import = 0
Number of asset objects unloaded after import = 2
========================================================================
Received Import Request.
  Time since last request: 0,000010 seconds.
  path: Assets/MapMagic/Core/Editor/Resources/GeneratorIcons/Blur.png
  artifactKey: Guid(e5c4dbc0e965fe84db1c83a406238ffb) Importer(815301076,1909f56bfc062723c751e8b465ee728b)
Start importing Assets/MapMagic/Core/Editor/Resources/GeneratorIcons/Blur.png using Guid(e5c4dbc0e965fe84db1c83a406238ffb) Importer(815301076,1909f56bfc062723c751e8b465ee728b)  -> (artifact id: '38223ee33aa6357f08dad7a110472aca') in 0,002844 seconds 
Number of updated asset objects reloaded before import = 0
Number of asset objects unloaded after import = 2
========================================================================
Received Import Request.
  Time since last request: 0,000010 seconds.
  path: Assets/MapMagic/Core/Editor/Resources/MapMagic/PinButtons/Bottom.png
  artifactKey: Guid(62dfbf125708bee45a3fdb8002df6c54) Importer(815301076,1909f56bfc062723c751e8b465ee728b)
Start importing Assets/MapMagic/Core/Editor/Resources/MapMagic/PinButtons/Bottom.png using Guid(62dfbf125708bee45a3fdb8002df6c54) Importer(815301076,1909f56bfc062723c751e8b465ee728b)  -> (artifact id: '5489e6b15ab1775bd760391ade3023cb') in 0,002642 seconds 
Number of updated asset objects reloaded before import = 0
Number of asset objects unloaded after import = 2
========================================================================
Received Import Request.
  Time since last request: 0,000032 seconds.
  path: Assets/MapMagic/Tools/GUI/Editor/Resources/DPUI/TexCh/BlackWhite.png
  artifactKey: Guid(70ac6f315ce39c3438b0d745fb1949f4) Importer(815301076,1909f56bfc062723c751e8b465ee728b)
Start importing Assets/MapMagic/Tools/GUI/Editor/Resources/DPUI/TexCh/BlackWhite.png using Guid(70ac6f315ce39c3438b0d745fb1949f4) Importer(815301076,1909f56bfc062723c751e8b465ee728b)  -> (artifact id: '743f9ad3d4cec4f32626b4d7f94f37b4') in 0,006703 seconds 
Number of updated asset objects reloaded before import = 0
Number of asset objects unloaded after import = 2
========================================================================
Received Import Request.
  Time since last request: 0,000016 seconds.
  path: Assets/MapMagic/Tools/GUI/Editor/Resources/DPUI/Popup/Background.png
  artifactKey: Guid(f33a84e618ac99b4fb6d8b3c6f2d1005) Importer(815301076,1909f56bfc062723c751e8b465ee728b)
Start importing Assets/MapMagic/Tools/GUI/Editor/Resources/DPUI/Popup/Background.png using Guid(f33a84e618ac99b4fb6d8b3c6f2d1005) Importer(815301076,1909f56bfc062723c751e8b465ee728b)  -> (artifact id: '2040e90f3c53ece353d0813d92a22c59') in 0,004132 seconds 
Number of updated asset objects reloaded before import = 0
Number of asset objects unloaded after import = 2
========================================================================
Received Import Request.
  Time since last request: 0,000010 seconds.
  path: Assets/MapMagic/Core/Editor/Resources/MapMagic/Node/Background_pro.png
  artifactKey: Guid(a6e2a2c651f969d4a97073d4dc9c9e09) Importer(815301076,1909f56bfc062723c751e8b465ee728b)
Start importing Assets/MapMagic/Core/Editor/Resources/MapMagic/Node/Background_pro.png using Guid(a6e2a2c651f969d4a97073d4dc9c9e09) Importer(815301076,1909f56bfc062723c751e8b465ee728b)  -> (artifact id: '93d99027c8156e3cdb0e30e86be0e275') in 0,003371 seconds 
Number of updated asset objects reloaded before import = 0
Number of asset objects unloaded after import = 2
========================================================================
Received Import Request.
  Time since last request: 0,000009 seconds.
  path: Assets/MapMagic/Core/Editor/Resources/MapMagic/NodeLayers/pro/AddPanel.png
  artifactKey: Guid(6e80c72193e775b4eb03c53c7655ca8d) Importer(815301076,1909f56bfc062723c751e8b465ee728b)
Start importing Assets/MapMagic/Core/Editor/Resources/MapMagic/NodeLayers/pro/AddPanel.png using Guid(6e80c72193e775b4eb03c53c7655ca8d) Importer(815301076,1909f56bfc062723c751e8b465ee728b)  -> (artifact id: '232f7e3b34db2847e605e9ba41ee77eb') in 0,002464 seconds 
Number of updated asset objects reloaded before import = 0
Number of asset objects unloaded after import = 2
========================================================================
Received Import Request.
  Time since last request: 0,000008 seconds.
  path: Assets/MapMagic/Core/Editor/Resources/GeneratorIcons/AnyOut.png
  artifactKey: Guid(e45837d1166d2604ab6b5a6e52cb19a2) Importer(815301076,1909f56bfc062723c751e8b465ee728b)
Start importing Assets/MapMagic/Core/Editor/Resources/GeneratorIcons/AnyOut.png using Guid(e45837d1166d2604ab6b5a6e52cb19a2) Importer(815301076,1909f56bfc062723c751e8b465ee728b)  -> (artifact id: '6be061cdcdb05d952cada31bead5c7f7') in 0,002412 seconds 
Number of updated asset objects reloaded before import = 0
Number of asset objects unloaded after import = 2
========================================================================
Received Import Request.
  Time since last request: 0,000008 seconds.
  path: Assets/Textures/images/Border_2K.png
  artifactKey: Guid(043824aeae697cc45bd33915d5e8a636) Importer(815301076,1909f56bfc062723c751e8b465ee728b)
Start importing Assets/Textures/images/Border_2K.png using Guid(043824aeae697cc45bd33915d5e8a636) Importer(815301076,1909f56bfc062723c751e8b465ee728b)  -> (artifact id: '360c6379495ca3e13fba3fa14302e219') in 0,011244 seconds 
Number of updated asset objects reloaded before import = 0
Number of asset objects unloaded after import = 3
========================================================================
Received Import Request.
  Time since last request: 0,000012 seconds.
  path: Assets/MapMagic/Core/Editor/Resources/GeneratorIcons/Beach.png
  artifactKey: Guid(6b967b069f715a748b4b56998428eec3) Importer(815301076,1909f56bfc062723c751e8b465ee728b)
Start importing Assets/MapMagic/Core/Editor/Resources/GeneratorIcons/Beach.png using Guid(6b967b069f715a748b4b56998428eec3) Importer(815301076,1909f56bfc062723c751e8b465ee728b)  -> (artifact id: 'd7d1dacf382ccaea1623db119fd5853b') in 0,006793 seconds 
Number of updated asset objects reloaded before import = 0
Number of asset objects unloaded after import = 2
========================================================================
Received Import Request.
  Time since last request: 0,000021 seconds.
  path: Assets/MapMagic/Tools/GUI/Editor/Resources/DPUI/Backgrounds/BlackLines.png
  artifactKey: Guid(af40282b171c03e4487d3d24f6d4e0a7) Importer(815301076,1909f56bfc062723c751e8b465ee728b)
Start importing Assets/MapMagic/Tools/GUI/Editor/Resources/DPUI/Backgrounds/BlackLines.png using Guid(af40282b171c03e4487d3d24f6d4e0a7) Importer(815301076,1909f56bfc062723c751e8b465ee728b)  -> (artifact id: 'd5225de00186e72431727ac1936c75cc') in 0,005859 seconds 
Number of updated asset objects reloaded before import = 0
Number of asset objects unloaded after import = 2
========================================================================
Received Import Request.
  Time since last request: 0,000015 seconds.
  path: Assets/MapMagic/Core/Editor/Resources/GeneratorIcons/Blend.png
  artifactKey: Guid(18975bb75f5e7704e9ebc7e12805f619) Importer(815301076,1909f56bfc062723c751e8b465ee728b)
Start importing Assets/MapMagic/Core/Editor/Resources/GeneratorIcons/Blend.png using Guid(18975bb75f5e7704e9ebc7e12805f619) Importer(815301076,1909f56bfc062723c751e8b465ee728b)  -> (artifact id: '46b41e3f52d059f22603d1be75ef5583') in 0,003989 seconds 
Number of updated asset objects reloaded before import = 0
Number of asset objects unloaded after import = 2
========================================================================
Received Import Request.
  Time since last request: 3,910935 seconds.
  path: Assets/MapMagic/Core/Editor/Resources/GeneratorIcons/pro/BrushGrassIn.png
  artifactKey: Guid(fc5cf7c63a4ecc948a38f250638f4632) Importer(815301076,1909f56bfc062723c751e8b465ee728b)
Start importing Assets/MapMagic/Core/Editor/Resources/GeneratorIcons/pro/BrushGrassIn.png using Guid(fc5cf7c63a4ecc948a38f250638f4632) Importer(815301076,1909f56bfc062723c751e8b465ee728b)  -> (artifact id: '0130059ebcea0507e18ba7dade6f6c80') in 0,008654 seconds 
Number of updated asset objects reloaded before import = 0
Number of asset objects unloaded after import = 2
========================================================================
Received Import Request.
  Time since last request: 0,000022 seconds.
  path: Assets/MapMagic/Core/Editor/Resources/GeneratorIcons/pro/BrushTexturesIn.png
  artifactKey: Guid(e8d50c49cfd706749925b675e8f29b4a) Importer(815301076,1909f56bfc062723c751e8b465ee728b)
Start importing Assets/MapMagic/Core/Editor/Resources/GeneratorIcons/pro/BrushTexturesIn.png using Guid(e8d50c49cfd706749925b675e8f29b4a) Importer(815301076,1909f56bfc062723c751e8b465ee728b)  -> (artifact id: 'f8c6865dec1dcef1ac3bad1c6f9f17c9') in 0,003653 seconds 
Number of updated asset objects reloaded before import = 0
Number of asset objects unloaded after import = 2
========================================================================
Received Import Request.
  Time since last request: 0,000020 seconds.
  path: Assets/MapMagic/Core/Editor/Resources/GeneratorIcons/pro/BrushHeightOut.png
  artifactKey: Guid(4dfa4f2eb379d114c91afd49963cb41c) Importer(815301076,1909f56bfc062723c751e8b465ee728b)
Start importing Assets/MapMagic/Core/Editor/Resources/GeneratorIcons/pro/BrushHeightOut.png using Guid(4dfa4f2eb379d114c91afd49963cb41c) Importer(815301076,1909f56bfc062723c751e8b465ee728b)  -> (artifact id: 'd8a652a7386730a51360118717e3a530') in 0,002693 seconds 
Number of updated asset objects reloaded before import = 0
Number of asset objects unloaded after import = 2
========================================================================
Received Import Request.
  Time since last request: 0,000022 seconds.
  path: Assets/MapMagic/Core/Editor/Resources/GeneratorIcons/BrushObjectsIn.png
  artifactKey: Guid(5bc8054a06302db4c8dc00b6563cadd5) Importer(815301076,1909f56bfc062723c751e8b465ee728b)
Start importing Assets/MapMagic/Core/Editor/Resources/GeneratorIcons/BrushObjectsIn.png using Guid(5bc8054a06302db4c8dc00b6563cadd5) Importer(815301076,1909f56bfc062723c751e8b465ee728b)  -> (artifact id: 'c06bb4a619fa08e72d1cde7d25532b1f') in 0,002288 seconds 
Number of updated asset objects reloaded before import = 0
Number of asset objects unloaded after import = 2
========================================================================
Received Import Request.
  Time since last request: 0,000007 seconds.
  path: Assets/MapMagic/Core/Editor/Resources/GeneratorIcons/pro/BrushObjectsIn.png
  artifactKey: Guid(d0d253dacc2f4394c9ca3def8e4db10d) Importer(815301076,1909f56bfc062723c751e8b465ee728b)
Start importing Assets/MapMagic/Core/Editor/Resources/GeneratorIcons/pro/BrushObjectsIn.png using Guid(d0d253dacc2f4394c9ca3def8e4db10d) Importer(815301076,1909f56bfc062723c751e8b465ee728b)  -> (artifact id: 'bbb7f722663529bc0552aeff18c252db') in 0,003227 seconds 
Number of updated asset objects reloaded before import = 0
Number of asset objects unloaded after import = 2
========================================================================
Received Import Request.
  Time since last request: 0,000007 seconds.
  path: Assets/MapMagic/Core/Editor/Resources/GeneratorIcons/BrushGrassOut.png
  artifactKey: Guid(485fa43f897eb604ea44b0e8c6916ac3) Importer(815301076,1909f56bfc062723c751e8b465ee728b)
Start importing Assets/MapMagic/Core/Editor/Resources/GeneratorIcons/BrushGrassOut.png using Guid(485fa43f897eb604ea44b0e8c6916ac3) Importer(815301076,1909f56bfc062723c751e8b465ee728b)  -> (artifact id: 'aab282ae240ca0c8745a9e82784601d6') in 0,002624 seconds 
Number of updated asset objects reloaded before import = 0
Number of asset objects unloaded after import = 2
========================================================================
Received Import Request.
  Time since last request: 0,000007 seconds.
  path: Assets/MapMagic/Core/Editor/Resources/GeneratorIcons/BrushHeightOut.png
  artifactKey: Guid(bfea4468c9dd4a844a4870221295536b) Importer(815301076,1909f56bfc062723c751e8b465ee728b)
Start importing Assets/MapMagic/Core/Editor/Resources/GeneratorIcons/BrushHeightOut.png using Guid(bfea4468c9dd4a844a4870221295536b) Importer(815301076,1909f56bfc062723c751e8b465ee728b)  -> (artifact id: '59c2fe20879e1db08f8155130d659f5b') in 0,002200 seconds 
Number of updated asset objects reloaded before import = 0
Number of asset objects unloaded after import = 2
========================================================================
Received Import Request.
  Time since last request: 0,464142 seconds.
  path: Assets/MapMagic/Core/Editor/Resources/GeneratorIcons/pro/BrushTexturesOut.png
  artifactKey: Guid(f10c96e4135a6444481a665debefc71a) Importer(815301076,1909f56bfc062723c751e8b465ee728b)
Start importing Assets/MapMagic/Core/Editor/Resources/GeneratorIcons/pro/BrushTexturesOut.png using Guid(f10c96e4135a6444481a665debefc71a) Importer(815301076,1909f56bfc062723c751e8b465ee728b)  -> (artifact id: '4584c2999a9bf559a039ae5b572dfa0a') in 0,003538 seconds 
Number of updated asset objects reloaded before import = 0
Number of asset objects unloaded after import = 2
========================================================================
Received Import Request.
  Time since last request: 0,000015 seconds.
  path: Packages/com.unity.textmeshpro/Editor Resources/Textures/btn_AlignBaseLine_Light.psd
  artifactKey: Guid(18775b51e3bd42299fd30bd036ea982f) Importer(815301076,1909f56bfc062723c751e8b465ee728b)
Start importing Packages/com.unity.textmeshpro/Editor Resources/Textures/btn_AlignBaseLine_Light.psd using Guid(18775b51e3bd42299fd30bd036ea982f) Importer(815301076,1909f56bfc062723c751e8b465ee728b)  -> (artifact id: '04ddd371c0532eb5cc819da71fd4cc31') in 0,007437 seconds 
Number of updated asset objects reloaded before import = 0
Number of asset objects unloaded after import = 2
========================================================================
Received Import Request.
  Time since last request: 0,000020 seconds.
  path: Packages/com.unity.textmeshpro/Editor Resources/Textures/btn_AlignCenterGeo.psd
  artifactKey: Guid(c76700ea0062413d9f69409b4e9e151b) Importer(815301076,1909f56bfc062723c751e8b465ee728b)
Start importing Packages/com.unity.textmeshpro/Editor Resources/Textures/btn_AlignCenterGeo.psd using Guid(c76700ea0062413d9f69409b4e9e151b) Importer(815301076,1909f56bfc062723c751e8b465ee728b)  -> (artifact id: 'ca6172026c582c24f8a0b010e24e8532') in 0,003184 seconds 
Number of updated asset objects reloaded before import = 0
Number of asset objects unloaded after import = 2
========================================================================
Received Import Request.
  Time since last request: 0,000019 seconds.
  path: Packages/com.unity.textmeshpro/Editor Resources/Textures/btn_AlignCenter_Light.psd
  artifactKey: Guid(6ace62d30f494c948b71d5594afce11d) Importer(815301076,1909f56bfc062723c751e8b465ee728b)
Start importing Packages/com.unity.textmeshpro/Editor Resources/Textures/btn_AlignCenter_Light.psd using Guid(6ace62d30f494c948b71d5594afce11d) Importer(815301076,1909f56bfc062723c751e8b465ee728b)  -> (artifact id: 'a9bf8083938989d67daa7362d5e79b1f') in 0,002749 seconds 
Number of updated asset objects reloaded before import = 0
Number of asset objects unloaded after import = 2
========================================================================
Received Import Request.
  Time since last request: 0,000009 seconds.
  path: Packages/com.unity.textmeshpro/Editor Resources/Textures/btn_AlignCapLine_Light.psd
  artifactKey: Guid(49679f302ac6408697f6b9314a38985c) Importer(815301076,1909f56bfc062723c751e8b465ee728b)
Start importing Packages/com.unity.textmeshpro/Editor Resources/Textures/btn_AlignCapLine_Light.psd using Guid(49679f302ac6408697f6b9314a38985c) Importer(815301076,1909f56bfc062723c751e8b465ee728b)  -> (artifact id: '6fa794c073261152a46d15e9c4ce0728') in 0,002665 seconds 
Number of updated asset objects reloaded before import = 0
Number of asset objects unloaded after import = 2
========================================================================
Received Import Request.
  Time since last request: 0,365495 seconds.
  path: Packages/com.unity.textmeshpro/Editor Resources/Textures/btn_AlignFlush.psd
  artifactKey: Guid(691475c57a824010be0c6f474caeb7e1) Importer(815301076,1909f56bfc062723c751e8b465ee728b)
Start importing Packages/com.unity.textmeshpro/Editor Resources/Textures/btn_AlignFlush.psd using Guid(691475c57a824010be0c6f474caeb7e1) Importer(815301076,1909f56bfc062723c751e8b465ee728b)  -> (artifact id: '6616b5634a0c0ff9f46760988e50fef8') in 0,003749 seconds 
Number of updated asset objects reloaded before import = 0
Number of asset objects unloaded after import = 2
========================================================================
Received Import Request.
  Time since last request: 0,000009 seconds.
  path: Packages/com.unity.textmeshpro/Editor Resources/Textures/btn_AlignMidline_Light.psd
  artifactKey: Guid(bb42b2d967d6427983c901a4ffc8ecd9) Importer(815301076,1909f56bfc062723c751e8b465ee728b)
Start importing Packages/com.unity.textmeshpro/Editor Resources/Textures/btn_AlignMidline_Light.psd using Guid(bb42b2d967d6427983c901a4ffc8ecd9) Importer(815301076,1909f56bfc062723c751e8b465ee728b)  -> (artifact id: '494fa114697d8b6e5f87974b49423d2e') in 0,003385 seconds 
Number of updated asset objects reloaded before import = 0
Number of asset objects unloaded after import = 2
========================================================================
Received Import Request.
  Time since last request: 0,000012 seconds.
  path: Packages/com.unity.textmeshpro/Editor Resources/Textures/btn_AlignMidLine.psd
  artifactKey: Guid(c2f7f6a88b4c4f20a53deb72f3d9144c) Importer(815301076,1909f56bfc062723c751e8b465ee728b)
Start importing Packages/com.unity.textmeshpro/Editor Resources/Textures/btn_AlignMidLine.psd using Guid(c2f7f6a88b4c4f20a53deb72f3d9144c) Importer(815301076,1909f56bfc062723c751e8b465ee728b)  -> (artifact id: 'fb0b7257dc802c250d67f59840fa3c61') in 0,002718 seconds 
Number of updated asset objects reloaded before import = 0
Number of asset objects unloaded after import = 2
========================================================================
Received Import Request.
  Time since last request: 0,000008 seconds.
  path: Packages/com.unity.textmeshpro/Editor Resources/Textures/btn_AlignMiddle_Light.psd
  artifactKey: Guid(066619c9c9c84f89acb1b48c11a7efe2) Importer(815301076,1909f56bfc062723c751e8b465ee728b)
Start importing Packages/com.unity.textmeshpro/Editor Resources/Textures/btn_AlignMiddle_Light.psd using Guid(066619c9c9c84f89acb1b48c11a7efe2) Importer(815301076,1909f56bfc062723c751e8b465ee728b)  -> (artifact id: 'f487692fe3c422462dad6c7095218361') in 0,006292 seconds 
Number of updated asset objects reloaded before import = 0
Number of asset objects unloaded after import = 2
========================================================================
Received Import Request.
  Time since last request: 0,000012 seconds.
  path: Packages/com.unity.textmeshpro/Editor Resources/Textures/btn_AlignMiddle.psd
  artifactKey: Guid(41b96614b2e6494ba995ddcd252d11ae) Importer(815301076,1909f56bfc062723c751e8b465ee728b)
Start importing Packages/com.unity.textmeshpro/Editor Resources/Textures/btn_AlignMiddle.psd using Guid(41b96614b2e6494ba995ddcd252d11ae) Importer(815301076,1909f56bfc062723c751e8b465ee728b)  -> (artifact id: '7a0be580ea1d842136b89948fa276100') in 0,004483 seconds 
Number of updated asset objects reloaded before import = 0
Number of asset objects unloaded after import = 2
========================================================================
Received Import Request.
  Time since last request: 0,319486 seconds.
  path: Assets/Models/Textures/buk/buk_tex_wire_115115115_color.png
  artifactKey: Guid(1b7414020393180a48a47ce2222f6b61) Importer(815301076,1909f56bfc062723c751e8b465ee728b)
Start importing Assets/Models/Textures/buk/buk_tex_wire_115115115_color.png using Guid(1b7414020393180a48a47ce2222f6b61) Importer(815301076,1909f56bfc062723c751e8b465ee728b)  -> (artifact id: '8419177ab138a9aa84efab6157615f1f') in 0,013595 seconds 
Number of updated asset objects reloaded before import = 0
Number of asset objects unloaded after import = 2
========================================================================
Received Import Request.
  Time since last request: 0,000014 seconds.
  path: Assets/MapMagic/Tools/GUI/Editor/Resources/DPUI/Backgrounds/ButtonPressed.png
  artifactKey: Guid(c52c2ea717b27064990971ec3c07f557) Importer(815301076,1909f56bfc062723c751e8b465ee728b)
Start importing Assets/MapMagic/Tools/GUI/Editor/Resources/DPUI/Backgrounds/ButtonPressed.png using Guid(c52c2ea717b27064990971ec3c07f557) Importer(815301076,1909f56bfc062723c751e8b465ee728b)  -> (artifact id: '2e30af436b2e9575aa3830d1b34699ac') in 0,005323 seconds 
Number of updated asset objects reloaded before import = 0
Number of asset objects unloaded after import = 2
========================================================================
Received Import Request.
  Time since last request: 0,000013 seconds.
  path: Assets/MapMagic/Tools/GUI/Editor/Resources/DPUI/Backgrounds/pro/Button.png
  artifactKey: Guid(35b023a05280cf542b40c7e7e67b77d3) Importer(815301076,1909f56bfc062723c751e8b465ee728b)
Start importing Assets/MapMagic/Tools/GUI/Editor/Resources/DPUI/Backgrounds/pro/Button.png using Guid(35b023a05280cf542b40c7e7e67b77d3) Importer(815301076,1909f56bfc062723c751e8b465ee728b)  -> (artifact id: 'c29db9796a49672a25ff270b2f76a7a0') in 0,006001 seconds 
Number of updated asset objects reloaded before import = 0
Number of asset objects unloaded after import = 2
========================================================================
Received Import Request.
  Time since last request: 0,000011 seconds.
  path: Assets/MapMagic/Tools/GUI/Editor/Resources/DPUI/Backgrounds/Button.png
  artifactKey: Guid(4116e303834a14f49bb2c57d4d1594b2) Importer(815301076,1909f56bfc062723c751e8b465ee728b)
Start importing Assets/MapMagic/Tools/GUI/Editor/Resources/DPUI/Backgrounds/Button.png using Guid(4116e303834a14f49bb2c57d4d1594b2) Importer(815301076,1909f56bfc062723c751e8b465ee728b)  -> (artifact id: '03f0dcae1284ce736f922e17852c87e8') in 0,003995 seconds 
Number of updated asset objects reloaded before import = 0
Number of asset objects unloaded after import = 2
========================================================================
Received Import Request.
  Time since last request: 0,000011 seconds.
  path: Assets/MapMagic/Tools/GUI/Editor/Resources/DPUI/Backgrounds/pro/ButtonPressed.png
  artifactKey: Guid(c33f12fca1035fd4594e0e6259069f50) Importer(815301076,1909f56bfc062723c751e8b465ee728b)
Start importing Assets/MapMagic/Tools/GUI/Editor/Resources/DPUI/Backgrounds/pro/ButtonPressed.png using Guid(c33f12fca1035fd4594e0e6259069f50) Importer(815301076,1909f56bfc062723c751e8b465ee728b)  -> (artifact id: '0766333bd9f62c3b3ab0b2d78f201275') in 0,007118 seconds 
Number of updated asset objects reloaded before import = 0
Number of asset objects unloaded after import = 2
========================================================================
Received Import Request.
  Time since last request: 0,089806 seconds.
  path: Assets/MapMagic/Core/Editor/Resources/GeneratorIcons/pro/Cavity.png
  artifactKey: Guid(b4ef4af1b53bde44f8e9f922d658dcc9) Importer(815301076,1909f56bfc062723c751e8b465ee728b)
Start importing Assets/MapMagic/Core/Editor/Resources/GeneratorIcons/pro/Cavity.png using Guid(b4ef4af1b53bde44f8e9f922d658dcc9) Importer(815301076,1909f56bfc062723c751e8b465ee728b)  -> (artifact id: 'bc856b8f0c1fda584974b1a446fa8a71') in 0,009245 seconds 
Number of updated asset objects reloaded before import = 0
Number of asset objects unloaded after import = 2
========================================================================
Received Import Request.
  Time since last request: 0,000014 seconds.
  path: Assets/MapMagic/Core/Editor/Resources/GeneratorIcons/CleanUp.png
  artifactKey: Guid(a28c62a1f88935f469fe1e8119075e0c) Importer(815301076,1909f56bfc062723c751e8b465ee728b)
Start importing Assets/MapMagic/Core/Editor/Resources/GeneratorIcons/CleanUp.png using Guid(a28c62a1f88935f469fe1e8119075e0c) Importer(815301076,1909f56bfc062723c751e8b465ee728b)  -> (artifact id: '90fe00dbaab56c07fcede3c16b97dfec') in 0,004410 seconds 
Number of updated asset objects reloaded before import = 0
Number of asset objects unloaded after import = 2
========================================================================
Received Import Request.
  Time since last request: 0,000012 seconds.
  path: Assets/MapMagic/Tools/GUI/Editor/Resources/DPUI/Toggle/pro/CheckedActive.png
  artifactKey: Guid(3063a642f5d990a4f99baa79d44f5592) Importer(815301076,1909f56bfc062723c751e8b465ee728b)
Start importing Assets/MapMagic/Tools/GUI/Editor/Resources/DPUI/Toggle/pro/CheckedActive.png using Guid(3063a642f5d990a4f99baa79d44f5592) Importer(815301076,1909f56bfc062723c751e8b465ee728b)  -> (artifact id: 'c230e6218085da2679ad392668e0210a') in 0,004260 seconds 
Number of updated asset objects reloaded before import = 0
Number of asset objects unloaded after import = 2
========================================================================
Received Import Request.
  Time since last request: 0,000009 seconds.
  path: Assets/MapMagic/Core/Editor/Resources/GeneratorIcons/pro/CleanUp.png
  artifactKey: Guid(83ff53e6b6f334d4a811328d1b6f886c) Importer(815301076,1909f56bfc062723c751e8b465ee728b)
Start importing Assets/MapMagic/Core/Editor/Resources/GeneratorIcons/pro/CleanUp.png using Guid(83ff53e6b6f334d4a811328d1b6f886c) Importer(815301076,1909f56bfc062723c751e8b465ee728b)  -> (artifact id: '49e61250549270a9de78176a9e046cec') in 0,005277 seconds 
Number of updated asset objects reloaded before import = 0
Number of asset objects unloaded after import = 2
Editor requested this worker to shutdown with reason: Scaling down because of idle timeout
TcpMessagingSession - receive error: operation aborted. errorcode: 125, details: Operation aborted.
AssetImportWorker is now disconnected from the server
Process exiting
Assertion failed on expression: 'm_PodArrays.empty()'
Checking for leaked weakptr:
  Found no leaked weakptrs.
All object instances wasn't destroyed before shutting down
Assertion failed on expression: 'm_MemoryFSRefCount == 0'
Memory Statistics:
[ALLOC_TEMP_TLS] TLS Allocator
  StackAllocators : 
    [ALLOC_TEMP_CurlRequest]
      Initial Block Size 64,0 KB
      Current Block Size 64,0 KB
      Peak Allocated Bytes 0 B
      Overflow Count 0
    [ALLOC_TEMP_Loading.PreloadManager]
      Peak usage frame count: [0-1,0 KB]: 1 frames
      Initial Block Size 32,0 MB
      Current Block Size 32,0 MB
      Peak Allocated Bytes 0 B
      Overflow Count 0
    [ALLOC_TEMP_BakingJobs.worker 15]
      Initial Block Size 256,0 KB
      Current Block Size 256,0 KB
      Peak Allocated Bytes 0 B
      Overflow Count 0
    [ALLOC_TEMP_BakingJobs.worker 14]
      Initial Block Size 256,0 KB
      Current Block Size 256,0 KB
      Peak Allocated Bytes 0 B
      Overflow Count 0
    [ALLOC_TEMP_BakingJobs.worker 13]
      Initial Block Size 256,0 KB
      Current Block Size 256,0 KB
      Peak Allocated Bytes 0 B
      Overflow Count 0
    [ALLOC_TEMP_BakingJobs.worker 12]
      Initial Block Size 256,0 KB
      Current Block Size 256,0 KB
      Peak Allocated Bytes 0 B
      Overflow Count 0
    [ALLOC_TEMP_BakingJobs.worker 11]
      Initial Block Size 256,0 KB
      Current Block Size 256,0 KB
      Peak Allocated Bytes 0 B
      Overflow Count 0
    [ALLOC_TEMP_BakingJobs.worker 10]
      Initial Block Size 256,0 KB
      Current Block Size 256,0 KB
      Peak Allocated Bytes 0 B
      Overflow Count 0
    [ALLOC_TEMP_BakingJobs.worker 9]
      Initial Block Size 256,0 KB
      Current Block Size 256,0 KB
      Peak Allocated Bytes 0 B
      Overflow Count 0
    [ALLOC_TEMP_BakingJobs.worker 8]
      Initial Block Size 256,0 KB
      Current Block Size 256,0 KB
      Peak Allocated Bytes 0 B
      Overflow Count 0
    [ALLOC_TEMP_BakingJobs.worker 7]
      Initial Block Size 256,0 KB
      Current Block Size 256,0 KB
      Peak Allocated Bytes 0 B
      Overflow Count 0
    [ALLOC_TEMP_BakingJobs.worker 6]
      Initial Block Size 256,0 KB
      Current Block Size 256,0 KB
      Peak Allocated Bytes 0 B
      Overflow Count 0
    [ALLOC_TEMP_BakingJobs.worker 5]
      Initial Block Size 256,0 KB
      Current Block Size 256,0 KB
      Peak Allocated Bytes 0 B
      Overflow Count 0
    [ALLOC_TEMP_BakingJobs.worker 4]
      Initial Block Size 256,0 KB
      Current Block Size 256,0 KB
      Peak Allocated Bytes 0 B
      Overflow Count 0
    [ALLOC_TEMP_BakingJobs.worker 3]
      Initial Block Size 256,0 KB
      Current Block Size 256,0 KB
      Peak Allocated Bytes 0 B
      Overflow Count 0
    [ALLOC_TEMP_BakingJobs.worker 2]
      Initial Block Size 256,0 KB
      Current Block Size 256,0 KB
      Peak Allocated Bytes 0 B
      Overflow Count 0
    [ALLOC_TEMP_BakingJobs.worker 1]
      Initial Block Size 256,0 KB
      Current Block Size 256,0 KB
      Peak Allocated Bytes 0 B
      Overflow Count 0
    [ALLOC_TEMP_BakingJobs.worker 0]
      Initial Block Size 256,0 KB
      Current Block Size 256,0 KB
      Peak Allocated Bytes 0 B
      Overflow Count 0
    [ALLOC_TEMP_AssetDatabase.FileHasherHasher]
      Initial Block Size 64,0 KB
      Current Block Size 64,0 KB
      Peak Allocated Bytes 31 B
      Overflow Count 0
    [ALLOC_TEMP_AssetDatabase.FileHasherReader]
      Initial Block Size 64,0 KB
      Current Block Size 64,0 KB
      Peak Allocated Bytes 31 B
      Overflow Count 0
    [ALLOC_TEMP_AssetDatabase.FileHasherHasher]
      Initial Block Size 64,0 KB
      Current Block Size 64,0 KB
      Peak Allocated Bytes 31 B
      Overflow Count 0
    [ALLOC_TEMP_AssetDatabase.FileHasherReader]
      Initial Block Size 64,0 KB
      Current Block Size 64,0 KB
      Peak Allocated Bytes 31 B
      Overflow Count 0
    [ALLOC_TEMP_AssetDatabase.FileHasherHasher]
      Initial Block Size 64,0 KB
      Current Block Size 64,0 KB
      Peak Allocated Bytes 31 B
      Overflow Count 0
    [ALLOC_TEMP_AssetDatabase.FileHasherReader]
      Initial Block Size 64,0 KB
      Current Block Size 64,0 KB
      Peak Allocated Bytes 31 B
      Overflow Count 0
    [ALLOC_TEMP_AssetDatabase.FileHasherHasher]
      Initial Block Size 64,0 KB
      Current Block Size 64,0 KB
      Peak Allocated Bytes 31 B
      Overflow Count 0
    [ALLOC_TEMP_AssetDatabase.FileHasherReader]
      Initial Block Size 64,0 KB
      Current Block Size 64,0 KB
      Peak Allocated Bytes 31 B
      Overflow Count 0
    [ALLOC_TEMP_Loading.AsyncRead]
      Initial Block Size 64,0 KB
      Current Block Size 64,0 KB
      Peak Allocated Bytes 0 B
      Overflow Count 0
    [ALLOC_TEMP_BatchDeleteObjects]
      Initial Block Size 64,0 KB
      Current Block Size 64,0 KB
      Peak Allocated Bytes 0 B
      Overflow Count 0
    [ALLOC_TEMP_Background Job.worker 15]
      Initial Block Size 32,0 KB
      Current Block Size 32,0 KB
      Peak Allocated Bytes 0 B
      Overflow Count 0
    [ALLOC_TEMP_Background Job.worker 14]
      Initial Block Size 32,0 KB
      Current Block Size 32,0 KB
      Peak Allocated Bytes 0 B
      Overflow Count 0
    [ALLOC_TEMP_Background Job.worker 13]
      Initial Block Size 32,0 KB
      Current Block Size 32,0 KB
      Peak Allocated Bytes 0 B
      Overflow Count 0
    [ALLOC_TEMP_Background Job.worker 12]
      Initial Block Size 32,0 KB
      Current Block Size 32,0 KB
      Peak Allocated Bytes 0 B
      Overflow Count 0
    [ALLOC_TEMP_Background Job.worker 11]
      Initial Block Size 32,0 KB
      Current Block Size 32,0 KB
      Peak Allocated Bytes 0 B
      Overflow Count 0
    [ALLOC_TEMP_Background Job.worker 10]
      Initial Block Size 32,0 KB
      Current Block Size 32,0 KB
      Peak Allocated Bytes 0 B
      Overflow Count 0
    [ALLOC_TEMP_Background Job.worker 9]
      Initial Block Size 32,0 KB
      Current Block Size 32,0 KB
      Peak Allocated Bytes 0 B
      Overflow Count 0
    [ALLOC_TEMP_Background Job.worker 8]
      Initial Block Size 32,0 KB
      Current Block Size 32,0 KB
      Peak Allocated Bytes 0 B
      Overflow Count 0
    [ALLOC_TEMP_Background Job.worker 7]
      Initial Block Size 32,0 KB
      Current Block Size 32,0 KB
      Peak Allocated Bytes 0 B
      Overflow Count 0
    [ALLOC_TEMP_Background Job.worker 6]
      Initial Block Size 32,0 KB
      Current Block Size 32,0 KB
      Peak Allocated Bytes 0 B
      Overflow Count 0
    [ALLOC_TEMP_Background Job.worker 5]
      Initial Block Size 32,0 KB
      Current Block Size 32,0 KB
      Peak Allocated Bytes 0 B
      Overflow Count 0
    [ALLOC_TEMP_Background Job.worker 4]
      Initial Block Size 32,0 KB
      Current Block Size 32,0 KB
      Peak Allocated Bytes 0 B
      Overflow Count 0
    [ALLOC_TEMP_Background Job.worker 3]
      Initial Block Size 32,0 KB
      Current Block Size 32,0 KB
      Peak Allocated Bytes 0 B
      Overflow Count 0
    [ALLOC_TEMP_Background Job.worker 2]
      Initial Block Size 32,0 KB
      Current Block Size 32,0 KB
      Peak Allocated Bytes 0 B
      Overflow Count 0
    [ALLOC_TEMP_Background Job.worker 1]
      Initial Block Size 32,0 KB
      Current Block Size 32,0 KB
      Peak Allocated Bytes 0 B
      Overflow Count 0
    [ALLOC_TEMP_Background Job.worker 0]
      Initial Block Size 32,0 KB
      Current Block Size 68,0 KB
      Peak Allocated Bytes 32,7 KB
      Overflow Count 0
    [ALLOC_TEMP_Job.worker 14]
      Initial Block Size 256,0 KB
      Current Block Size 256,0 KB
      Peak Allocated Bytes 0 B
      Overflow Count 0
    [ALLOC_TEMP_Job.worker 13]
      Initial Block Size 256,0 KB
      Current Block Size 256,0 KB
      Peak Allocated Bytes 0 B
      Overflow Count 0
    [ALLOC_TEMP_Job.worker 12]
      Initial Block Size 256,0 KB
      Current Block Size 256,0 KB
      Peak Allocated Bytes 0 B
      Overflow Count 0
    [ALLOC_TEMP_Job.worker 11]
      Initial Block Size 256,0 KB
      Current Block Size 256,0 KB
      Peak Allocated Bytes 0 B
      Overflow Count 0
    [ALLOC_TEMP_Job.worker 10]
      Initial Block Size 256,0 KB
      Current Block Size 256,0 KB
      Peak Allocated Bytes 0 B
      Overflow Count 0
    [ALLOC_TEMP_Job.worker 9]
      Initial Block Size 256,0 KB
      Current Block Size 256,0 KB
      Peak Allocated Bytes 0 B
      Overflow Count 0
    [ALLOC_TEMP_Job.worker 8]
      Initial Block Size 256,0 KB
      Current Block Size 256,0 KB
      Peak Allocated Bytes 0 B
      Overflow Count 0
    [ALLOC_TEMP_Job.worker 7]
      Initial Block Size 256,0 KB
      Current Block Size 256,0 KB
      Peak Allocated Bytes 0 B
      Overflow Count 0
    [ALLOC_TEMP_Job.worker 6]
      Initial Block Size 256,0 KB
      Current Block Size 256,0 KB
      Peak Allocated Bytes 0 B
      Overflow Count 0
    [ALLOC_TEMP_Job.worker 5]
      Initial Block Size 256,0 KB
      Current Block Size 256,0 KB
      Peak Allocated Bytes 0 B
      Overflow Count 0
    [ALLOC_TEMP_Job.worker 4]
      Initial Block Size 256,0 KB
      Current Block Size 256,0 KB
      Peak Allocated Bytes 0 B
      Overflow Count 0
    [ALLOC_TEMP_Job.worker 3]
      Initial Block Size 256,0 KB
      Current Block Size 256,0 KB
      Peak Allocated Bytes 0 B
      Overflow Count 0
    [ALLOC_TEMP_Job.worker 2]
      Initial Block Size 256,0 KB
      Current Block Size 256,0 KB
      Peak Allocated Bytes 0 B
      Overflow Count 0
    [ALLOC_TEMP_Job.worker 1]
      Initial Block Size 256,0 KB
      Current Block Size 256,0 KB
      Peak Allocated Bytes 0 B
      Overflow Count 0
    [ALLOC_TEMP_Job.worker 0]
      Initial Block Size 256,0 KB
      Current Block Size 256,0 KB
      Peak Allocated Bytes 0 B
      Overflow Count 0
    [ALLOC_TEMP_MAIN]
      Peak usage frame count: [64,0 KB-128,0 KB]: 4 frames, [1,0 MB-2,0 MB]: 70 frames, [8,0 MB-16,0 MB]: 1 frames, [16,0 MB-32,0 MB]: 1 frames
      Initial Block Size 16,0 MB
      Current Block Size 24,9 MB
      Peak Allocated Bytes 24,9 MB
      Overflow Count 0
    [ALLOC_TEMP_CoreBusinessMetricsCache]
      Initial Block Size 64,0 KB
      Current Block Size 64,0 KB
      Peak Allocated Bytes 0 B
      Overflow Count 0
    [ALLOC_TEMP_AssetDatabase.IOService]
      Initial Block Size 64,0 KB
      Current Block Size 64,0 KB
      Peak Allocated Bytes 32,6 KB
      Overflow Count 0
    [ALLOC_TEMP_Profiler.Dispatcher]
      Initial Block Size 64,0 KB
      Current Block Size 64,0 KB
      Peak Allocated Bytes 0 B
      Overflow Count 0
    [ALLOC_TEMP_AssetGarbageCollectorHelper] x 15
      Initial Block Size 64,0 KB
      Current Block Size 64,0 KB
      Peak Allocated Bytes 0 B
      Overflow Count 0
[ALLOC_MEMORYPROFILER]
  Peak usage frame count: [256,0 KB-0,5 MB]: 75 frames, [0,5 MB-1,0 MB]: 1 frames
  Requested Block Size 1,0 MB
  Peak Block count 1
  Peak Allocated memory 0,6 MB
  Peak Large allocation bytes 0 B
[ALLOC_DEFAULT] Dual Thread Allocator
  Peak main deferred allocation count 190
    [ALLOC_BUCKET]
      Large Block size 32,0 MB
      Used Block count 1
      Peak Allocated bytes 7,8 MB
    [ALLOC_DEFAULT_MAIN]
      Peak usage frame count: [32,0 MB-64,0 MB]: 75 frames, [64,0 MB-128,0 MB]: 1 frames
      Requested Block Size 16,0 MB
      Peak Block count 5
      Peak Allocated memory 71,7 MB
      Peak Large allocation bytes 0 B
    [ALLOC_DEFAULT_THREAD]
      Peak usage frame count: [0,5 MB-1,0 MB]: 75 frames, [4,0 MB-8,0 MB]: 1 frames
      Requested Block Size 16,0 MB
      Peak Block count 1
      Peak Allocated memory 4,2 MB
      Peak Large allocation bytes 0 B
[ALLOC_TEMP_JOB_1_FRAME]
  Initial Block Size 2,0 MB
  Used Block Count 0
  Overflow Count (too large) 0
  Overflow Count (full) 0
[ALLOC_TEMP_JOB_2_FRAMES]
  Initial Block Size 2,0 MB
  Used Block Count 0
  Overflow Count (too large) 0
  Overflow Count (full) 0
[ALLOC_TEMP_JOB_4_FRAMES (JobTemp)]
  Initial Block Size 2,0 MB
  Used Block Count 1
  Overflow Count (too large) 0
  Overflow Count (full) 0
[ALLOC_TEMP_JOB_ASYNC (Background)]
  Initial Block Size 1,0 MB
  Used Block Count 1
  Overflow Count (too large) 0
  Overflow Count (full) 0
[ALLOC_GFX] Dual Thread Allocator
  Peak main deferred allocation count 0
    [ALLOC_BUCKET]
      Large Block size 32,0 MB
      Used Block count 1
      Peak Allocated bytes 7,8 MB
    [ALLOC_GFX_MAIN]
      Peak usage frame count: [128,0 KB-256,0 KB]: 59 frames, [256,0 KB-0,5 MB]: 12 frames, [1,0 MB-2,0 MB]: 2 frames, [4,0 MB-8,0 MB]: 3 frames
      Requested Block Size 16,0 MB
      Peak Block count 1
      Peak Allocated memory 5,6 MB
      Peak Large allocation bytes 0 B
    [ALLOC_GFX_THREAD]
      Peak usage frame count: [0-1,0 KB]: 76 frames
      Requested Block Size 16,0 MB
      Peak Block count 0
      Peak Allocated memory 0 B
      Peak Large allocation bytes 0 B
[ALLOC_CACHEOBJECTS] Dual Thread Allocator
  Peak main deferred allocation count 16811
    [ALLOC_BUCKET]
      Large Block size 32,0 MB
      Used Block count 1
      Peak Allocated bytes 7,8 MB
    [ALLOC_CACHEOBJECTS_MAIN]
      Peak usage frame count: [4,0 MB-8,0 MB]: 75 frames, [256,0 MB-0,50 GB]: 1 frames
      Requested Block Size 4,0 MB
      Peak Block count 112
      Peak Allocated memory 443,3 MB
      Peak Large allocation bytes 0 B
    [ALLOC_CACHEOBJECTS_THREAD]
      Peak usage frame count: [0-1,0 KB]: 76 frames
      Requested Block Size 4,0 MB
      Peak Block count 0
      Peak Allocated memory 0 B
      Peak Large allocation bytes 0 B
[ALLOC_TYPETREE] Dual Thread Allocator
  Peak main deferred allocation count 26733
    [ALLOC_BUCKET]
      Large Block size 32,0 MB
      Used Block count 1
      Peak Allocated bytes 7,8 MB
    [ALLOC_TYPETREE_MAIN]
      Peak usage frame count: [0,5 MB-1,0 MB]: 71 frames, [1,0 MB-2,0 MB]: 4 frames, [16,0 MB-32,0 MB]: 1 frames
      Requested Block Size 2,0 MB
      Peak Block count 11
      Peak Allocated memory 20,3 MB
      Peak Large allocation bytes 0 B
    [ALLOC_TYPETREE_THREAD]
      Peak usage frame count: [0-1,0 KB]: 76 frames
      Requested Block Size 2,0 MB
      Peak Block count 0
      Peak Allocated memory 0 B
      Peak Large allocation bytes 0 B
[ALLOC_PROFILER]
  Peak usage frame count: [64,0 KB-128,0 KB]: 76 frames
  Requested Block Size 16,0 MB
  Peak Block count 1
  Peak Allocated memory 88,7 KB
  Peak Large allocation bytes 0 B
    [ALLOC_PROFILER_BUCKET]
      Large Block size 32,0 MB
      Used Block count 1
      Peak Allocated bytes 2,4 KB
[ALLOC_PROFILER_EDITOR]
  Peak usage frame count: [0-1,0 KB]: 76 frames
  Requested Block Size 1,0 MB
  Peak Block count 0
  Peak Allocated memory 0 B
  Peak Large allocation bytes 0 B
    [ALLOC_PROFILER_BUCKET]
      Large Block size 32,0 MB
      Used Block count 1
      Peak Allocated bytes 2,4 KB
##utp:{"type":"MemoryLeaks","version":2,"phase":"Immediate","time":1683400828993,"processId":298647,"allocatedMemory":62173421,"memoryLabels":[{"Default":214232},{"Permanent":18056},{"Thread":1086896},{"Manager":3334301},{"VertexData":91100},{"Geometry":408},{"Particles":17856},{"VFX":44},{"Texture":119049},{"Shader":801053},{"Material":9456},{"GfxDevice":233080},{"Animation":15046},{"Audio":4932},{"Font":1792},{"FontEngine":336},{"Physics":274221},{"Physics2D":153264},{"Serialization":6463133},{"Input":59520},{"JobScheduler":13365080},{"GarbageCollector":1049152},{"Mono":92},{"ScriptingNativeRuntime":43616},{"BaseObject":1833631},{"Resource":1092},{"Renderer":8528},{"Transform":48},{"File":11748},{"Network":3358},{"WebCam":40},{"Culling":48},{"Terrain":1073},{"TerrainPhysics":8},{"Wind":24},{"STL":460800},{"String":13660901},{"DynamicArray":3290387},{"HashMap":1487458},{"Utility":2638550},{"Curl":1112},{"PoolAlloc":543016},{"AI":59656},{"TypeTree":4533},{"ScriptManager":1503652},{"MonoScriptCache":552112},{"RuntimeInitializeOnLoadManager":72},{"AncestorCache":32},{"SpriteAtlas":112},{"GI":16312},{"Director":7928},{"WebRequest":720},{"VR":45961},{"SceneManager":640},{"Video":256},{"LazyScriptCache":32},{"ManagedAttributeManager":1},{"TextureStreaming":1416},{"NativeArray":12},{"ScreenCapture":8},{"Camera":25},{"Secure":1},{"CrashReporter":1016},{"SerializationCache":1576},{"APIUpdating":11856},{"Subsystems":384},{"VirtualTexturing":59424},{"StaticSafetyDebugInfo":327680},{"EditorGui":4728292},{"EditorUtility":45213},{"VersionControl":4},{"Undo":736},{"AssetDatabase":3132087},{"AssetImporter":287889},{"RestService":5994},{"EditorGi":24480},{"ProgressiveLightmapper":11136},{"License":3144},{"UnityConnect":25488},{"Collab":641},{"Upm":1232},{"DrivenProperties":80},{"LocalIPC":121},{"ProfilerEditor":10991},{"CoreBusinessMetrics":2875},{"AssetReference":32},{"IPCStream":32}]}
